2025-10-09 13:38:27,757 - INFO - User confirmed to launch main window
2025-10-09 13:38:27,791 - INFO - Initializing main window
2025-10-09 13:38:27,791 - DEBUG - Loaded settings: {'fiji_dir': 'C:/Users/NotEW/Documents/Code/roboai/gui/Fiji', 'preset': {'test tube': {'addlightness': 90, 'prominence': 65}, 'bottle': {'addlightness': 105, 'prominence': 90}, 'test tube in prototype': {'addlightness': 105, 'prominence': 90}, 'custom': {'addlightness': 0, 'prominence': 0}}, 'env': 'test tube', 'JAVA_HOME': 'C:/Program Files/Java/jdk-21'}
2025-10-09 13:38:27,869 - DEBUG - Detected existing Java version: (21, 0, 7)
2025-10-09 13:38:27,869 - DEBUG - Adding option: --add-opens=java.base/java.lang=ALL-UNNAMED
2025-10-09 13:38:27,869 - DEBUG - Local path to ImageJ2 installation given: C:\Users\NotEW\Documents\Code\roboai\gui\Fiji
2025-10-09 13:38:27,873 - INFO - Added 573 JARs to the Java classpath.
2025-10-09 13:38:27,873 - DEBUG - Adding jars from endpoints ['net.imglib2:imglib2-imglyb:1.1.0']
2025-10-09 13:38:27,892 - DEBUG - Using endpoints ['net.imglib2:imglib2-imglyb:1.1.0']
2025-10-09 13:38:27,893 - DEBUG - Getting verbose level: 0
2025-10-09 13:38:27,893 - DEBUG - Returning expanded coordinate net.imglib2:imglib2-imglyb:1.1.0.
2025-10-09 13:38:27,893 - DEBUG - Starting JVM
2025-10-09 13:38:28,813 - DEBUG - Initializing type converters
2025-10-09 13:38:28,813 - DEBUG - Java converters:{'
-'.join(java_converters)}
2025-10-09 13:38:28,813 - DEBUG - Python converters:{'
-'.join(py_converters)}
2025-10-09 13:38:32,275 - INFO - ImageJ initialized successfully
2025-10-09 13:38:32,288 - DEBUG - Temporary directories created at C:\Users\NotEW\AppData\Local\Temp\temp_i01m37nk
2025-10-09 13:38:32,299 - INFO - Tab2 initialized successfully
2025-10-09 13:38:32,301 - INFO - Tab1 initialized successfully
2025-10-09 13:38:32,301 - INFO - Tab3 initialized successfully
2025-10-09 13:38:32,302 - INFO - Tab4 initialized successfully
2025-10-09 13:38:32,302 - INFO - Main window UI initialized
2025-10-09 13:38:32,302 - INFO - Launching main window
2025-10-09 13:38:37,904 - INFO - Copied image: C:/Users/NotEW/Downloads/gg.jpg to C:\Users\NotEW\AppData\Local\Temp\temp_i01m37nk\raw
2025-10-09 13:38:37,904 - DEBUG - Loaded image list: ['C:\\Users\\NotEW\\AppData\\Local\\Temp\\temp_i01m37nk\\raw\\gg.jpg']
2025-10-09 13:38:37,911 - DEBUG - Change thumbnail size (743, 722) -> (500, 485)
2025-10-09 13:38:37,926 - INFO - Displayed image: C:\Users\NotEW\AppData\Local\Temp\temp_i01m37nk\raw\gg.jpg
2025-10-09 13:38:37,926 - DEBUG - Extracted metadata for 1 images
2025-10-09 13:38:37,927 - DEBUG - Change thumbnail size (743, 722) -> (200, 194)
2025-10-09 13:38:37,934 - INFO - Displayed image: C:\Users\NotEW\AppData\Local\Temp\temp_i01m37nk\raw\gg.jpg
2025-10-09 13:38:37,934 - INFO - Displayed uploaded images successfully
2025-10-09 13:38:40,117 - DEBUG - No existing count data found, starting new count
2025-10-09 13:38:40,117 - INFO - Starting counting process using ImageJ
2025-10-09 13:38:41,371 - INFO - Table updated with 1 entries
2025-10-09 13:38:41,371 - INFO - Counting completed successfully — 1 results
2025-10-09 13:38:41,372 - DEBUG - STREAM b'IHDR' 16 13
2025-10-09 13:38:41,372 - DEBUG - STREAM b'IDAT' 41 5389
2025-10-09 13:38:41,373 - DEBUG - Extracted metadata for 1 images
2025-10-09 13:38:41,373 - DEBUG - STREAM b'IHDR' 16 13
2025-10-09 13:38:41,373 - DEBUG - STREAM b'IDAT' 41 5389
2025-10-09 13:38:41,373 - DEBUG - Change thumbnail size (743, 722) -> (200, 194)
2025-10-09 13:38:41,380 - INFO - Displayed image: C:\Users\NotEW\AppData\Local\Temp\temp_i01m37nk\imageJ\result\gg_point_selection.png
2025-10-09 13:38:44,162 - INFO - Opened new Tab4 help/contact window
2025-10-09 13:38:44,198 - DEBUG - Markdown help content loaded into HTML frame successfully
2025-10-09 13:38:50,782 - INFO - Opened new Tab4 help/contact window
2025-10-09 13:38:50,791 - DEBUG - Markdown help content loaded into HTML frame successfully
2025-10-09 13:47:25,451 - INFO - Starting application execution
2025-10-09 13:47:25,557 - DEBUG - Importing BlpImagePlugin
2025-10-09 13:47:25,559 - DEBUG - Importing BmpImagePlugin
2025-10-09 13:47:25,559 - DEBUG - Importing BufrStubImagePlugin
2025-10-09 13:47:25,559 - DEBUG - Importing CurImagePlugin
2025-10-09 13:47:25,560 - DEBUG - Importing DcxImagePlugin
2025-10-09 13:47:25,560 - DEBUG - Importing DdsImagePlugin
2025-10-09 13:47:25,563 - DEBUG - Importing EpsImagePlugin
2025-10-09 13:47:25,565 - DEBUG - Importing FitsImagePlugin
2025-10-09 13:47:25,565 - DEBUG - Importing FliImagePlugin
2025-10-09 13:47:25,566 - DEBUG - Importing FpxImagePlugin
2025-10-09 13:47:25,567 - DEBUG - Image: failed to import FpxImagePlugin: No module named 'olefile'
2025-10-09 13:47:25,567 - DEBUG - Importing FtexImagePlugin
2025-10-09 13:47:25,567 - DEBUG - Importing GbrImagePlugin
2025-10-09 13:47:25,568 - DEBUG - Importing GifImagePlugin
2025-10-09 13:47:25,568 - DEBUG - Importing GribStubImagePlugin
2025-10-09 13:47:25,568 - DEBUG - Importing Hdf5StubImagePlugin
2025-10-09 13:47:25,569 - DEBUG - Importing IcnsImagePlugin
2025-10-09 13:47:25,572 - DEBUG - Importing IcoImagePlugin
2025-10-09 13:47:25,572 - DEBUG - Importing ImImagePlugin
2025-10-09 13:47:25,573 - DEBUG - Importing ImtImagePlugin
2025-10-09 13:47:25,574 - DEBUG - Importing IptcImagePlugin
2025-10-09 13:47:25,574 - DEBUG - Importing JpegImagePlugin
2025-10-09 13:47:25,574 - DEBUG - Importing Jpeg2KImagePlugin
2025-10-09 13:47:25,574 - DEBUG - Importing McIdasImagePlugin
2025-10-09 13:47:25,575 - DEBUG - Importing MicImagePlugin
2025-10-09 13:47:25,575 - DEBUG - Image: failed to import MicImagePlugin: No module named 'olefile'
2025-10-09 13:47:25,575 - DEBUG - Importing MpegImagePlugin
2025-10-09 13:47:25,576 - DEBUG - Importing MpoImagePlugin
2025-10-09 13:47:25,580 - DEBUG - Importing MspImagePlugin
2025-10-09 13:47:25,581 - DEBUG - Importing PalmImagePlugin
2025-10-09 13:47:25,582 - DEBUG - Importing PcdImagePlugin
2025-10-09 13:47:25,582 - DEBUG - Importing PcxImagePlugin
2025-10-09 13:47:25,582 - DEBUG - Importing PdfImagePlugin
2025-10-09 13:47:25,586 - DEBUG - Importing PixarImagePlugin
2025-10-09 13:47:25,587 - DEBUG - Importing PngImagePlugin
2025-10-09 13:47:25,587 - DEBUG - Importing PpmImagePlugin
2025-10-09 13:47:25,587 - DEBUG - Importing PsdImagePlugin
2025-10-09 13:47:25,588 - DEBUG - Importing QoiImagePlugin
2025-10-09 13:47:25,588 - DEBUG - Importing SgiImagePlugin
2025-10-09 13:47:25,589 - DEBUG - Importing SpiderImagePlugin
2025-10-09 13:47:25,590 - DEBUG - Importing SunImagePlugin
2025-10-09 13:47:25,590 - DEBUG - Importing TgaImagePlugin
2025-10-09 13:47:25,591 - DEBUG - Importing TiffImagePlugin
2025-10-09 13:47:25,591 - DEBUG - Importing WebPImagePlugin
2025-10-09 13:47:25,591 - DEBUG - Importing WmfImagePlugin
2025-10-09 13:47:25,593 - DEBUG - Importing XbmImagePlugin
2025-10-09 13:47:25,594 - DEBUG - Importing XpmImagePlugin
2025-10-09 13:47:25,595 - DEBUG - Importing XVThumbImagePlugin
2025-10-09 13:47:25,596 - DEBUG - STREAM b'IHDR' 37113 13
2025-10-09 13:47:25,596 - DEBUG - STREAM b'IDAT' 37138 48880
2025-10-09 13:47:25,608 - INFO - Application started, Prelaunch window opened
2025-10-09 13:47:25,608 - INFO - Prelaunch window initialized
2025-10-09 13:47:25,608 - DEBUG - Loaded settings: {'fiji_dir': 'C:/Users/NotEW/Documents/Code/roboai/gui/Fiji', 'preset': {'test tube': {'addlightness': 90, 'prominence': 65}, 'bottle': {'addlightness': 105, 'prominence': 90}, 'test tube in prototype': {'addlightness': 105, 'prominence': 90}, 'custom': {'addlightness': 0, 'prominence': 0}}, 'env': 'test tube', 'JAVA_HOME': 'C:/Program Files/Java/jdk-21'}
2025-10-09 13:47:26,014 - INFO - ImageJ doctor checkup completed
2025-10-09 13:47:27,764 - INFO - User confirmed to launch main window
2025-10-09 13:47:27,804 - INFO - Initializing main window
2025-10-09 13:47:27,804 - DEBUG - Loaded settings: {'fiji_dir': 'C:/Users/NotEW/Documents/Code/roboai/gui/Fiji', 'preset': {'test tube': {'addlightness': 90, 'prominence': 65}, 'bottle': {'addlightness': 105, 'prominence': 90}, 'test tube in prototype': {'addlightness': 105, 'prominence': 90}, 'custom': {'addlightness': 0, 'prominence': 0}}, 'env': 'test tube', 'JAVA_HOME': 'C:/Program Files/Java/jdk-21'}
2025-10-09 13:47:27,886 - DEBUG - Detected existing Java version: (21, 0, 7)
2025-10-09 13:47:27,887 - DEBUG - Adding option: --add-opens=java.base/java.lang=ALL-UNNAMED
2025-10-09 13:47:27,887 - DEBUG - Local path to ImageJ2 installation given: C:\Users\NotEW\Documents\Code\roboai\gui\Fiji
2025-10-09 13:47:27,890 - INFO - Added 573 JARs to the Java classpath.
2025-10-09 13:47:27,890 - DEBUG - Adding jars from endpoints ['net.imglib2:imglib2-imglyb:1.1.0']
2025-10-09 13:47:27,909 - DEBUG - Using endpoints ['net.imglib2:imglib2-imglyb:1.1.0']
2025-10-09 13:47:27,910 - DEBUG - Getting verbose level: 0
2025-10-09 13:47:27,910 - DEBUG - Returning expanded coordinate net.imglib2:imglib2-imglyb:1.1.0.
2025-10-09 13:47:27,911 - DEBUG - Starting JVM
2025-10-09 13:47:28,723 - DEBUG - Initializing type converters
2025-10-09 13:47:28,723 - DEBUG - Java converters:{'
-'.join(java_converters)}
2025-10-09 13:47:28,723 - DEBUG - Python converters:{'
-'.join(py_converters)}
2025-10-09 13:47:31,836 - INFO - ImageJ initialized successfully
2025-10-09 13:47:31,849 - DEBUG - Temporary directories created at C:\Users\NotEW\AppData\Local\Temp\temp_e1pbzeqj
2025-10-09 13:47:31,862 - INFO - Tab2 initialized successfully
2025-10-09 13:47:31,865 - INFO - Tab1 initialized successfully
2025-10-09 13:47:31,865 - INFO - Tab3 initialized successfully
2025-10-09 13:47:31,865 - INFO - Tab4 initialized successfully
2025-10-09 13:47:31,865 - INFO - Main window UI initialized
2025-10-09 13:47:31,865 - INFO - Launching main window
2025-10-09 13:47:36,012 - INFO - Copied image: C:/Users/NotEW/Downloads/gg.jpg to C:\Users\NotEW\AppData\Local\Temp\temp_e1pbzeqj\raw
2025-10-09 13:47:36,013 - DEBUG - Loaded image list: ['C:\\Users\\NotEW\\AppData\\Local\\Temp\\temp_e1pbzeqj\\raw\\gg.jpg']
2025-10-09 13:47:36,021 - DEBUG - Change thumbnail size (743, 722) -> (500, 485)
2025-10-09 13:47:36,035 - INFO - Displayed image: C:\Users\NotEW\AppData\Local\Temp\temp_e1pbzeqj\raw\gg.jpg
2025-10-09 13:47:36,036 - DEBUG - Extracted metadata for 1 images
2025-10-09 13:47:36,037 - DEBUG - Change thumbnail size (743, 722) -> (200, 194)
2025-10-09 13:47:36,045 - INFO - Displayed image: C:\Users\NotEW\AppData\Local\Temp\temp_e1pbzeqj\raw\gg.jpg
2025-10-09 13:47:36,045 - INFO - Displayed uploaded images successfully
2025-10-09 13:47:37,698 - DEBUG - No existing count data found, starting new count
2025-10-09 13:47:37,698 - INFO - Starting counting process using ImageJ
2025-10-09 13:47:38,925 - INFO - Table updated with 1 entries
2025-10-09 13:47:38,925 - INFO - Counting completed successfully — 1 results
2025-10-09 13:47:38,927 - DEBUG - STREAM b'IHDR' 16 13
2025-10-09 13:47:38,927 - DEBUG - STREAM b'IDAT' 41 5389
2025-10-09 13:47:38,927 - DEBUG - Extracted metadata for 1 images
2025-10-09 13:47:38,927 - DEBUG - STREAM b'IHDR' 16 13
2025-10-09 13:47:38,927 - DEBUG - STREAM b'IDAT' 41 5389
2025-10-09 13:47:38,927 - DEBUG - Change thumbnail size (743, 722) -> (200, 194)
2025-10-09 13:47:38,935 - INFO - Displayed image: C:\Users\NotEW\AppData\Local\Temp\temp_e1pbzeqj\imageJ\result\gg_point_selection.png
2025-10-09 13:47:39,868 - INFO - Table updated with 0 entries
2025-10-09 13:47:39,868 - DEBUG - Extracted metadata for 1 images
2025-10-09 13:47:39,869 - DEBUG - Change thumbnail size (743, 722) -> (200, 194)
2025-10-09 13:47:39,875 - INFO - Displayed image: C:\Users\NotEW\AppData\Local\Temp\temp_e1pbzeqj\raw\gg.jpg
2025-10-09 13:47:39,875 - INFO - Loaded raw images: 1 found
2025-10-09 13:47:41,293 - INFO - Table updated with 1 entries
2025-10-09 13:47:41,294 - DEBUG - STREAM b'IHDR' 16 13
2025-10-09 13:47:41,294 - DEBUG - STREAM b'IDAT' 41 5389
2025-10-09 13:47:41,294 - DEBUG - Extracted metadata for 1 images
2025-10-09 13:47:41,294 - DEBUG - STREAM b'IHDR' 16 13
2025-10-09 13:47:41,294 - DEBUG - STREAM b'IDAT' 41 5389
2025-10-09 13:47:41,295 - DEBUG - Change thumbnail size (743, 722) -> (200, 194)
2025-10-09 13:47:41,303 - INFO - Displayed image: C:\Users\NotEW\AppData\Local\Temp\temp_e1pbzeqj\imageJ\result\gg_point_selection.png
2025-10-09 13:47:41,304 - INFO - Displayed previous count results
2025-10-09 13:47:43,769 - INFO - Opened new Tab4 help/contact window
2025-10-09 13:47:43,805 - DEBUG - Markdown help content loaded into HTML frame successfully
2025-10-09 13:57:08,230 - INFO - Starting application execution
2025-10-09 13:57:08,326 - DEBUG - Importing BlpImagePlugin
2025-10-09 13:57:08,328 - DEBUG - Importing BmpImagePlugin
2025-10-09 13:57:08,328 - DEBUG - Importing BufrStubImagePlugin
2025-10-09 13:57:08,328 - DEBUG - Importing CurImagePlugin
2025-10-09 13:57:08,329 - DEBUG - Importing DcxImagePlugin
2025-10-09 13:57:08,330 - DEBUG - Importing DdsImagePlugin
2025-10-09 13:57:08,332 - DEBUG - Importing EpsImagePlugin
2025-10-09 13:57:08,333 - DEBUG - Importing FitsImagePlugin
2025-10-09 13:57:08,334 - DEBUG - Importing FliImagePlugin
2025-10-09 13:57:08,334 - DEBUG - Importing FpxImagePlugin
2025-10-09 13:57:08,335 - DEBUG - Image: failed to import FpxImagePlugin: No module named 'olefile'
2025-10-09 13:57:08,335 - DEBUG - Importing FtexImagePlugin
2025-10-09 13:57:08,336 - DEBUG - Importing GbrImagePlugin
2025-10-09 13:57:08,336 - DEBUG - Importing GifImagePlugin
2025-10-09 13:57:08,336 - DEBUG - Importing GribStubImagePlugin
2025-10-09 13:57:08,337 - DEBUG - Importing Hdf5StubImagePlugin
2025-10-09 13:57:08,337 - DEBUG - Importing IcnsImagePlugin
2025-10-09 13:57:08,339 - DEBUG - Importing IcoImagePlugin
2025-10-09 13:57:08,340 - DEBUG - Importing ImImagePlugin
2025-10-09 13:57:08,340 - DEBUG - Importing ImtImagePlugin
2025-10-09 13:57:08,341 - DEBUG - Importing IptcImagePlugin
2025-10-09 13:57:08,342 - DEBUG - Importing JpegImagePlugin
2025-10-09 13:57:08,342 - DEBUG - Importing Jpeg2KImagePlugin
2025-10-09 13:57:08,342 - DEBUG - Importing McIdasImagePlugin
2025-10-09 13:57:08,342 - DEBUG - Importing MicImagePlugin
2025-10-09 13:57:08,343 - DEBUG - Image: failed to import MicImagePlugin: No module named 'olefile'
2025-10-09 13:57:08,343 - DEBUG - Importing MpegImagePlugin
2025-10-09 13:57:08,343 - DEBUG - Importing MpoImagePlugin
2025-10-09 13:57:08,347 - DEBUG - Importing MspImagePlugin
2025-10-09 13:57:08,347 - DEBUG - Importing PalmImagePlugin
2025-10-09 13:57:08,348 - DEBUG - Importing PcdImagePlugin
2025-10-09 13:57:08,349 - DEBUG - Importing PcxImagePlugin
2025-10-09 13:57:08,349 - DEBUG - Importing PdfImagePlugin
2025-10-09 13:57:08,352 - DEBUG - Importing PixarImagePlugin
2025-10-09 13:57:08,353 - DEBUG - Importing PngImagePlugin
2025-10-09 13:57:08,353 - DEBUG - Importing PpmImagePlugin
2025-10-09 13:57:08,353 - DEBUG - Importing PsdImagePlugin
2025-10-09 13:57:08,353 - DEBUG - Importing QoiImagePlugin
2025-10-09 13:57:08,354 - DEBUG - Importing SgiImagePlugin
2025-10-09 13:57:08,355 - DEBUG - Importing SpiderImagePlugin
2025-10-09 13:57:08,355 - DEBUG - Importing SunImagePlugin
2025-10-09 13:57:08,356 - DEBUG - Importing TgaImagePlugin
2025-10-09 13:57:08,357 - DEBUG - Importing TiffImagePlugin
2025-10-09 13:57:08,357 - DEBUG - Importing WebPImagePlugin
2025-10-09 13:57:08,358 - DEBUG - Importing WmfImagePlugin
2025-10-09 13:57:08,359 - DEBUG - Importing XbmImagePlugin
2025-10-09 13:57:08,359 - DEBUG - Importing XpmImagePlugin
2025-10-09 13:57:08,360 - DEBUG - Importing XVThumbImagePlugin
2025-10-09 13:57:08,361 - DEBUG - STREAM b'IHDR' 37113 13
2025-10-09 13:57:08,361 - DEBUG - STREAM b'IDAT' 37138 48880
2025-10-09 13:57:08,374 - INFO - Application started, Prelaunch window opened
2025-10-09 13:57:08,374 - INFO - Prelaunch window initialized
2025-10-09 13:57:08,374 - DEBUG - Loaded settings: {'fiji_dir': 'C:/Users/NotEW/Documents/Code/roboai/gui/Fiji', 'preset': {'test tube': {'addlightness': 90, 'prominence': 65}, 'bottle': {'addlightness': 105, 'prominence': 90}, 'test tube in prototype': {'addlightness': 105, 'prominence': 90}, 'custom': {'addlightness': 0, 'prominence': 0}}, 'env': 'test tube', 'JAVA_HOME': 'C:/Program Files/Java/jdk-21'}
2025-10-09 13:57:08,753 - INFO - ImageJ doctor checkup completed
2025-10-09 13:57:10,519 - INFO - User confirmed to launch main window
2025-10-09 13:57:10,554 - INFO - Initializing main window
2025-10-09 13:57:10,555 - DEBUG - Loaded settings: {'fiji_dir': 'C:/Users/NotEW/Documents/Code/roboai/gui/Fiji', 'preset': {'test tube': {'addlightness': 90, 'prominence': 65}, 'bottle': {'addlightness': 105, 'prominence': 90}, 'test tube in prototype': {'addlightness': 105, 'prominence': 90}, 'custom': {'addlightness': 0, 'prominence': 0}}, 'env': 'test tube', 'JAVA_HOME': 'C:/Program Files/Java/jdk-21'}
2025-10-09 13:57:10,640 - DEBUG - Detected existing Java version: (21, 0, 7)
2025-10-09 13:57:10,640 - DEBUG - Adding option: --add-opens=java.base/java.lang=ALL-UNNAMED
2025-10-09 13:57:10,640 - DEBUG - Local path to ImageJ2 installation given: C:\Users\NotEW\Documents\Code\roboai\gui\Fiji
2025-10-09 13:57:10,644 - INFO - Added 573 JARs to the Java classpath.
2025-10-09 13:57:10,644 - DEBUG - Adding jars from endpoints ['net.imglib2:imglib2-imglyb:1.1.0']
2025-10-09 13:57:10,662 - DEBUG - Using endpoints ['net.imglib2:imglib2-imglyb:1.1.0']
2025-10-09 13:57:10,663 - DEBUG - Getting verbose level: 0
2025-10-09 13:57:10,663 - DEBUG - Returning expanded coordinate net.imglib2:imglib2-imglyb:1.1.0.
2025-10-09 13:57:10,663 - DEBUG - Starting JVM
2025-10-09 13:57:11,453 - DEBUG - Initializing type converters
2025-10-09 13:57:11,453 - DEBUG - Java converters:{'
-'.join(java_converters)}
2025-10-09 13:57:11,453 - DEBUG - Python converters:{'
-'.join(py_converters)}
2025-10-09 13:57:14,630 - INFO - ImageJ initialized successfully
2025-10-09 13:57:14,639 - DEBUG - Temporary directories created at C:\Users\NotEW\AppData\Local\Temp\temp_30zur5sx
2025-10-09 13:57:14,648 - INFO - Tab2 initialized successfully
2025-10-09 13:57:14,649 - INFO - Tab1 initialized successfully
2025-10-09 13:57:14,649 - INFO - Tab3 initialized successfully
2025-10-09 13:58:13,010 - INFO - Starting application execution
2025-10-09 13:58:13,101 - DEBUG - Importing BlpImagePlugin
2025-10-09 13:58:13,102 - DEBUG - Importing BmpImagePlugin
2025-10-09 13:58:13,102 - DEBUG - Importing BufrStubImagePlugin
2025-10-09 13:58:13,103 - DEBUG - Importing CurImagePlugin
2025-10-09 13:58:13,103 - DEBUG - Importing DcxImagePlugin
2025-10-09 13:58:13,104 - DEBUG - Importing DdsImagePlugin
2025-10-09 13:58:13,107 - DEBUG - Importing EpsImagePlugin
2025-10-09 13:58:13,108 - DEBUG - Importing FitsImagePlugin
2025-10-09 13:58:13,109 - DEBUG - Importing FliImagePlugin
2025-10-09 13:58:13,109 - DEBUG - Importing FpxImagePlugin
2025-10-09 13:58:13,110 - DEBUG - Image: failed to import FpxImagePlugin: No module named 'olefile'
2025-10-09 13:58:13,110 - DEBUG - Importing FtexImagePlugin
2025-10-09 13:58:13,111 - DEBUG - Importing GbrImagePlugin
2025-10-09 13:58:13,111 - DEBUG - Importing GifImagePlugin
2025-10-09 13:58:13,111 - DEBUG - Importing GribStubImagePlugin
2025-10-09 13:58:13,111 - DEBUG - Importing Hdf5StubImagePlugin
2025-10-09 13:58:13,112 - DEBUG - Importing IcnsImagePlugin
2025-10-09 13:58:13,113 - DEBUG - Importing IcoImagePlugin
2025-10-09 13:58:13,114 - DEBUG - Importing ImImagePlugin
2025-10-09 13:58:13,114 - DEBUG - Importing ImtImagePlugin
2025-10-09 13:58:13,115 - DEBUG - Importing IptcImagePlugin
2025-10-09 13:58:13,115 - DEBUG - Importing JpegImagePlugin
2025-10-09 13:58:13,116 - DEBUG - Importing Jpeg2KImagePlugin
2025-10-09 13:58:13,116 - DEBUG - Importing McIdasImagePlugin
2025-10-09 13:58:13,116 - DEBUG - Importing MicImagePlugin
2025-10-09 13:58:13,117 - DEBUG - Image: failed to import MicImagePlugin: No module named 'olefile'
2025-10-09 13:58:13,117 - DEBUG - Importing MpegImagePlugin
2025-10-09 13:58:13,117 - DEBUG - Importing MpoImagePlugin
2025-10-09 13:58:13,120 - DEBUG - Importing MspImagePlugin
2025-10-09 13:58:13,120 - DEBUG - Importing PalmImagePlugin
2025-10-09 13:58:13,121 - DEBUG - Importing PcdImagePlugin
2025-10-09 13:58:13,122 - DEBUG - Importing PcxImagePlugin
2025-10-09 13:58:13,122 - DEBUG - Importing PdfImagePlugin
2025-10-09 13:58:13,125 - DEBUG - Importing PixarImagePlugin
2025-10-09 13:58:13,126 - DEBUG - Importing PngImagePlugin
2025-10-09 13:58:13,126 - DEBUG - Importing PpmImagePlugin
2025-10-09 13:58:13,126 - DEBUG - Importing PsdImagePlugin
2025-10-09 13:58:13,127 - DEBUG - Importing QoiImagePlugin
2025-10-09 13:58:13,127 - DEBUG - Importing SgiImagePlugin
2025-10-09 13:58:13,128 - DEBUG - Importing SpiderImagePlugin
2025-10-09 13:58:13,128 - DEBUG - Importing SunImagePlugin
2025-10-09 13:58:13,129 - DEBUG - Importing TgaImagePlugin
2025-10-09 13:58:13,129 - DEBUG - Importing TiffImagePlugin
2025-10-09 13:58:13,129 - DEBUG - Importing WebPImagePlugin
2025-10-09 13:58:13,130 - DEBUG - Importing WmfImagePlugin
2025-10-09 13:58:13,131 - DEBUG - Importing XbmImagePlugin
2025-10-09 13:58:13,132 - DEBUG - Importing XpmImagePlugin
2025-10-09 13:58:13,132 - DEBUG - Importing XVThumbImagePlugin
2025-10-09 13:58:13,133 - DEBUG - STREAM b'IHDR' 37113 13
2025-10-09 13:58:13,133 - DEBUG - STREAM b'IDAT' 37138 48880
2025-10-09 13:58:13,144 - INFO - Application started, Prelaunch window opened
2025-10-09 13:58:13,144 - INFO - Prelaunch window initialized
2025-10-09 13:58:13,145 - DEBUG - Loaded settings: {'fiji_dir': 'C:/Users/NotEW/Documents/Code/roboai/gui/Fiji', 'preset': {'test tube': {'addlightness': 90, 'prominence': 65}, 'bottle': {'addlightness': 105, 'prominence': 90}, 'test tube in prototype': {'addlightness': 105, 'prominence': 90}, 'custom': {'addlightness': 0, 'prominence': 0}}, 'env': 'test tube', 'JAVA_HOME': 'C:/Program Files/Java/jdk-21'}
2025-10-09 13:58:13,525 - INFO - ImageJ doctor checkup completed
2025-10-09 13:58:16,805 - INFO - User confirmed to launch main window
2025-10-09 13:58:16,847 - INFO - Initializing main window
2025-10-09 13:58:16,848 - DEBUG - Loaded settings: {'fiji_dir': 'C:/Users/NotEW/Documents/Code/roboai/gui/Fiji', 'preset': {'test tube': {'addlightness': 90, 'prominence': 65}, 'bottle': {'addlightness': 105, 'prominence': 90}, 'test tube in prototype': {'addlightness': 105, 'prominence': 90}, 'custom': {'addlightness': 0, 'prominence': 0}}, 'env': 'test tube', 'JAVA_HOME': 'C:/Program Files/Java/jdk-21'}
2025-10-09 13:58:16,918 - DEBUG - Detected existing Java version: (21, 0, 7)
2025-10-09 13:58:16,919 - DEBUG - Adding option: --add-opens=java.base/java.lang=ALL-UNNAMED
2025-10-09 13:58:16,919 - DEBUG - Local path to ImageJ2 installation given: C:\Users\NotEW\Documents\Code\roboai\gui\Fiji
2025-10-09 13:58:16,922 - INFO - Added 573 JARs to the Java classpath.
2025-10-09 13:58:16,922 - DEBUG - Adding jars from endpoints ['net.imglib2:imglib2-imglyb:1.1.0']
2025-10-09 13:58:16,939 - DEBUG - Using endpoints ['net.imglib2:imglib2-imglyb:1.1.0']
2025-10-09 13:58:16,939 - DEBUG - Getting verbose level: 0
2025-10-09 13:58:16,939 - DEBUG - Returning expanded coordinate net.imglib2:imglib2-imglyb:1.1.0.
2025-10-09 13:58:16,940 - DEBUG - Starting JVM
2025-10-09 13:58:17,698 - DEBUG - Initializing type converters
2025-10-09 13:58:17,698 - DEBUG - Java converters:{'
-'.join(java_converters)}
2025-10-09 13:58:17,698 - DEBUG - Python converters:{'
-'.join(py_converters)}
2025-10-09 13:58:20,581 - INFO - ImageJ initialized successfully
2025-10-09 13:58:20,592 - DEBUG - Temporary directories created at C:\Users\NotEW\AppData\Local\Temp\temp_x5kldycz
2025-10-09 13:58:20,602 - INFO - Tab2 initialized successfully
2025-10-09 13:58:20,604 - INFO - Tab1 initialized successfully
2025-10-09 13:58:20,605 - INFO - Tab3 initialized successfully
2025-10-09 13:58:20,605 - INFO - Tab4 initialized successfully
2025-10-09 13:58:20,605 - INFO - Main window UI initialized
2025-10-09 13:58:20,605 - INFO - Launching main window
2025-10-09 13:58:33,064 - INFO - Opened Tab4 contact window
2025-10-09 13:58:43,355 - INFO - Opened new Tab4 help window
2025-10-09 13:58:43,367 - DEBUG - Markdown help content loaded into HTML frame successfully
2025-10-09 14:00:52,147 - INFO - Starting application execution
2025-10-09 14:00:52,238 - DEBUG - Importing BlpImagePlugin
2025-10-09 14:00:52,239 - DEBUG - Importing BmpImagePlugin
2025-10-09 14:00:52,239 - DEBUG - Importing BufrStubImagePlugin
2025-10-09 14:00:52,239 - DEBUG - Importing CurImagePlugin
2025-10-09 14:00:52,240 - DEBUG - Importing DcxImagePlugin
2025-10-09 14:00:52,241 - DEBUG - Importing DdsImagePlugin
2025-10-09 14:00:52,243 - DEBUG - Importing EpsImagePlugin
2025-10-09 14:00:52,244 - DEBUG - Importing FitsImagePlugin
2025-10-09 14:00:52,244 - DEBUG - Importing FliImagePlugin
2025-10-09 14:00:52,245 - DEBUG - Importing FpxImagePlugin
2025-10-09 14:00:52,246 - DEBUG - Image: failed to import FpxImagePlugin: No module named 'olefile'
2025-10-09 14:00:52,246 - DEBUG - Importing FtexImagePlugin
2025-10-09 14:00:52,246 - DEBUG - Importing GbrImagePlugin
2025-10-09 14:00:52,247 - DEBUG - Importing GifImagePlugin
2025-10-09 14:00:52,247 - DEBUG - Importing GribStubImagePlugin
2025-10-09 14:00:52,247 - DEBUG - Importing Hdf5StubImagePlugin
2025-10-09 14:00:52,248 - DEBUG - Importing IcnsImagePlugin
2025-10-09 14:00:52,249 - DEBUG - Importing IcoImagePlugin
2025-10-09 14:00:52,250 - DEBUG - Importing ImImagePlugin
2025-10-09 14:00:52,250 - DEBUG - Importing ImtImagePlugin
2025-10-09 14:00:52,251 - DEBUG - Importing IptcImagePlugin
2025-10-09 14:00:52,251 - DEBUG - Importing JpegImagePlugin
2025-10-09 14:00:52,252 - DEBUG - Importing Jpeg2KImagePlugin
2025-10-09 14:00:52,252 - DEBUG - Importing McIdasImagePlugin
2025-10-09 14:00:52,252 - DEBUG - Importing MicImagePlugin
2025-10-09 14:00:52,253 - DEBUG - Image: failed to import MicImagePlugin: No module named 'olefile'
2025-10-09 14:00:52,253 - DEBUG - Importing MpegImagePlugin
2025-10-09 14:00:52,253 - DEBUG - Importing MpoImagePlugin
2025-10-09 14:00:52,256 - DEBUG - Importing MspImagePlugin
2025-10-09 14:00:52,257 - DEBUG - Importing PalmImagePlugin
2025-10-09 14:00:52,257 - DEBUG - Importing PcdImagePlugin
2025-10-09 14:00:52,258 - DEBUG - Importing PcxImagePlugin
2025-10-09 14:00:52,258 - DEBUG - Importing PdfImagePlugin
2025-10-09 14:00:52,261 - DEBUG - Importing PixarImagePlugin
2025-10-09 14:00:52,262 - DEBUG - Importing PngImagePlugin
2025-10-09 14:00:52,262 - DEBUG - Importing PpmImagePlugin
2025-10-09 14:00:52,262 - DEBUG - Importing PsdImagePlugin
2025-10-09 14:00:52,262 - DEBUG - Importing QoiImagePlugin
2025-10-09 14:00:52,263 - DEBUG - Importing SgiImagePlugin
2025-10-09 14:00:52,263 - DEBUG - Importing SpiderImagePlugin
2025-10-09 14:00:52,264 - DEBUG - Importing SunImagePlugin
2025-10-09 14:00:52,264 - DEBUG - Importing TgaImagePlugin
2025-10-09 14:00:52,265 - DEBUG - Importing TiffImagePlugin
2025-10-09 14:00:52,265 - DEBUG - Importing WebPImagePlugin
2025-10-09 14:00:52,266 - DEBUG - Importing WmfImagePlugin
2025-10-09 14:00:52,267 - DEBUG - Importing XbmImagePlugin
2025-10-09 14:00:52,268 - DEBUG - Importing XpmImagePlugin
2025-10-09 14:00:52,268 - DEBUG - Importing XVThumbImagePlugin
2025-10-09 14:00:52,269 - DEBUG - STREAM b'IHDR' 37113 13
2025-10-09 14:00:52,269 - DEBUG - STREAM b'IDAT' 37138 48880
2025-10-09 14:00:52,280 - INFO - Application started, Prelaunch window opened
2025-10-09 14:00:52,280 - INFO - Prelaunch window initialized
2025-10-09 14:00:52,281 - DEBUG - Loaded settings: {'fiji_dir': 'C:/Users/NotEW/Documents/Code/roboai/gui/Fiji', 'preset': {'test tube': {'addlightness': 90, 'prominence': 65}, 'bottle': {'addlightness': 105, 'prominence': 90}, 'test tube in prototype': {'addlightness': 105, 'prominence': 90}, 'custom': {'addlightness': 0, 'prominence': 0}}, 'env': 'test tube', 'JAVA_HOME': 'C:/Program Files/Java/jdk-21'}
2025-10-09 14:00:52,616 - INFO - ImageJ doctor checkup completed
2025-10-09 14:01:01,683 - INFO - User confirmed to launch main window
2025-10-09 14:01:01,719 - INFO - Initializing main window
2025-10-09 14:01:01,719 - DEBUG - Loaded settings: {'fiji_dir': 'C:/Users/NotEW/Documents/Code/roboai/gui/Fiji', 'preset': {'test tube': {'addlightness': 90, 'prominence': 65}, 'bottle': {'addlightness': 105, 'prominence': 90}, 'test tube in prototype': {'addlightness': 105, 'prominence': 90}, 'custom': {'addlightness': 0, 'prominence': 0}}, 'env': 'test tube', 'JAVA_HOME': 'C:/Program Files/Java/jdk-21'}
2025-10-09 14:01:01,796 - DEBUG - Detected existing Java version: (21, 0, 7)
2025-10-09 14:01:01,797 - DEBUG - Adding option: --add-opens=java.base/java.lang=ALL-UNNAMED
2025-10-09 14:01:01,797 - DEBUG - Local path to ImageJ2 installation given: C:\Users\NotEW\Documents\Code\roboai\gui\Fiji
2025-10-09 14:01:01,800 - INFO - Added 573 JARs to the Java classpath.
2025-10-09 14:01:01,800 - DEBUG - Adding jars from endpoints ['net.imglib2:imglib2-imglyb:1.1.0']
2025-10-09 14:01:01,816 - DEBUG - Using endpoints ['net.imglib2:imglib2-imglyb:1.1.0']
2025-10-09 14:01:01,816 - DEBUG - Getting verbose level: 0
2025-10-09 14:01:01,816 - DEBUG - Returning expanded coordinate net.imglib2:imglib2-imglyb:1.1.0.
2025-10-09 14:01:01,816 - DEBUG - Starting JVM
2025-10-09 14:01:02,564 - DEBUG - Initializing type converters
2025-10-09 14:01:02,564 - DEBUG - Java converters:{'
-'.join(java_converters)}
2025-10-09 14:01:02,564 - DEBUG - Python converters:{'
-'.join(py_converters)}
2025-10-09 14:01:05,452 - INFO - ImageJ initialized successfully
2025-10-09 14:01:05,464 - DEBUG - Temporary directories created at C:\Users\NotEW\AppData\Local\Temp\temp_9gjwl03q
2025-10-09 14:01:05,478 - INFO - Tab2 initialized successfully
2025-10-09 14:01:05,480 - INFO - Tab1 initialized successfully
2025-10-09 14:01:05,482 - INFO - Tab3 initialized successfully
2025-10-09 14:01:05,483 - INFO - Tab4 initialized successfully
2025-10-09 14:01:05,483 - INFO - Main window UI initialized
2025-10-09 14:01:05,483 - INFO - Launching main window
2025-10-09 14:01:18,153 - INFO - Copied image: C:/Users/NotEW/Downloads/gg.jpg to C:\Users\NotEW\AppData\Local\Temp\temp_9gjwl03q\raw
2025-10-09 14:01:18,154 - DEBUG - Loaded image list: ['C:\\Users\\NotEW\\AppData\\Local\\Temp\\temp_9gjwl03q\\raw\\gg.jpg']
2025-10-09 14:01:18,161 - DEBUG - Change thumbnail size (743, 722) -> (500, 485)
2025-10-09 14:01:18,173 - INFO - Displayed image: C:\Users\NotEW\AppData\Local\Temp\temp_9gjwl03q\raw\gg.jpg
2025-10-09 14:01:18,174 - DEBUG - Extracted metadata for 1 images
2025-10-09 14:01:18,174 - DEBUG - Change thumbnail size (743, 722) -> (200, 194)
2025-10-09 14:01:18,181 - INFO - Displayed image: C:\Users\NotEW\AppData\Local\Temp\temp_9gjwl03q\raw\gg.jpg
2025-10-09 14:01:18,181 - INFO - Displayed uploaded images successfully
2025-10-09 14:01:22,728 - INFO - Deleted image: C:\Users\NotEW\AppData\Local\Temp\temp_9gjwl03q\raw\gg.jpg
2025-10-09 14:01:23,866 - DEBUG - No image selected — showing default text
2025-10-09 14:01:23,866 - DEBUG - No images found — showing default message
2025-10-09 14:01:27,450 - INFO - Copied image: C:/Users/NotEW/Downloads/gg.jpg to C:\Users\NotEW\AppData\Local\Temp\temp_9gjwl03q\raw
2025-10-09 14:01:27,450 - DEBUG - Loaded image list: ['C:\\Users\\NotEW\\AppData\\Local\\Temp\\temp_9gjwl03q\\raw\\gg.jpg']
2025-10-09 14:01:27,458 - DEBUG - Change thumbnail size (743, 722) -> (500, 485)
2025-10-09 14:01:27,471 - INFO - Displayed image: C:\Users\NotEW\AppData\Local\Temp\temp_9gjwl03q\raw\gg.jpg
2025-10-09 14:01:27,472 - DEBUG - Extracted metadata for 1 images
2025-10-09 14:01:27,472 - DEBUG - Change thumbnail size (743, 722) -> (200, 194)
2025-10-09 14:01:27,477 - INFO - Displayed image: C:\Users\NotEW\AppData\Local\Temp\temp_9gjwl03q\raw\gg.jpg
2025-10-09 14:01:27,477 - INFO - Displayed uploaded images successfully
2025-10-09 14:02:00,803 - INFO - Opened new Tab4 help window
2025-10-09 14:02:00,867 - DEBUG - Markdown help content loaded into HTML frame successfully
2025-10-09 14:02:22,324 - INFO - Canvas clicked — opening image viewer
2025-10-09 14:02:22,353 - INFO - Opened new window for image: C:\Users\NotEW\AppData\Local\Temp\temp_9gjwl03q\raw\gg.jpg
2025-10-09 14:02:56,906 - DEBUG - No existing count data found, starting new count
2025-10-09 14:02:56,906 - INFO - Starting counting process using ImageJ
2025-10-09 14:02:58,032 - INFO - Table updated with 1 entries
2025-10-09 14:02:58,032 - INFO - Counting completed successfully — 1 results
2025-10-09 14:02:58,034 - DEBUG - STREAM b'IHDR' 16 13
2025-10-09 14:02:58,034 - DEBUG - STREAM b'IDAT' 41 5389
2025-10-09 14:02:58,034 - DEBUG - Extracted metadata for 1 images
2025-10-09 14:02:58,034 - DEBUG - STREAM b'IHDR' 16 13
2025-10-09 14:02:58,035 - DEBUG - STREAM b'IDAT' 41 5389
2025-10-09 14:02:58,035 - DEBUG - Change thumbnail size (743, 722) -> (200, 194)
2025-10-09 14:02:58,043 - INFO - Displayed image: C:\Users\NotEW\AppData\Local\Temp\temp_9gjwl03q\imageJ\result\gg_point_selection.png
2025-10-09 14:03:14,580 - INFO - Opened count settings window
2025-10-09 14:03:46,223 - INFO - Settings file updated successfully
2025-10-09 14:03:46,223 - INFO - Updated counting preset: custom
2025-10-09 14:03:57,576 - INFO - Settings file updated successfully
2025-10-09 14:03:57,577 - INFO - Updated counting preset: test tube
2025-10-09 14:03:58,667 - INFO - Settings file updated successfully
2025-10-09 14:03:58,667 - INFO - Updated counting preset: test tube
2025-10-09 14:03:58,763 - INFO - Settings file updated successfully
2025-10-09 14:03:58,763 - INFO - Updated counting preset: test tube
2025-10-09 14:04:06,969 - INFO - Table updated with 0 entries
2025-10-09 14:04:06,970 - DEBUG - Extracted metadata for 1 images
2025-10-09 14:04:06,970 - DEBUG - Change thumbnail size (743, 722) -> (200, 194)
2025-10-09 14:04:06,975 - INFO - Displayed image: C:\Users\NotEW\AppData\Local\Temp\temp_9gjwl03q\raw\gg.jpg
2025-10-09 14:04:06,976 - INFO - Loaded raw images: 1 found
2025-10-09 14:04:10,980 - INFO - Table updated with 0 entries
2025-10-09 14:04:10,980 - DEBUG - Extracted metadata for 1 images
2025-10-09 14:04:10,980 - DEBUG - Change thumbnail size (743, 722) -> (200, 194)
2025-10-09 14:04:10,986 - INFO - Displayed image: C:\Users\NotEW\AppData\Local\Temp\temp_9gjwl03q\raw\gg.jpg
2025-10-09 14:04:10,986 - INFO - Loaded raw images: 1 found
2025-10-09 14:04:11,327 - INFO - Table updated with 0 entries
2025-10-09 14:04:11,328 - DEBUG - Extracted metadata for 1 images
2025-10-09 14:04:11,328 - DEBUG - Change thumbnail size (743, 722) -> (200, 194)
2025-10-09 14:04:11,334 - INFO - Displayed image: C:\Users\NotEW\AppData\Local\Temp\temp_9gjwl03q\raw\gg.jpg
2025-10-09 14:04:11,334 - INFO - Loaded raw images: 1 found
2025-10-09 14:04:14,155 - INFO - User chose to re-run counting process
2025-10-09 14:04:14,156 - INFO - Starting counting process using ImageJ
2025-10-09 14:04:14,577 - INFO - Table updated with 1 entries
2025-10-09 14:04:14,577 - INFO - Counting completed successfully — 1 results
2025-10-09 14:04:14,579 - DEBUG - STREAM b'IHDR' 16 13
2025-10-09 14:04:14,579 - DEBUG - STREAM b'IDAT' 41 5389
2025-10-09 14:04:14,579 - DEBUG - Extracted metadata for 1 images
2025-10-09 14:04:14,579 - DEBUG - STREAM b'IHDR' 16 13
2025-10-09 14:04:14,579 - DEBUG - STREAM b'IDAT' 41 5389
2025-10-09 14:04:14,579 - DEBUG - Change thumbnail size (743, 722) -> (200, 194)
2025-10-09 14:04:14,586 - INFO - Displayed image: C:\Users\NotEW\AppData\Local\Temp\temp_9gjwl03q\imageJ\result\gg_point_selection.png
2025-10-09 14:04:16,405 - INFO - Table updated with 0 entries
2025-10-09 14:04:16,406 - DEBUG - Extracted metadata for 1 images
2025-10-09 14:04:16,406 - DEBUG - Change thumbnail size (743, 722) -> (200, 194)
2025-10-09 14:04:16,411 - INFO - Displayed image: C:\Users\NotEW\AppData\Local\Temp\temp_9gjwl03q\raw\gg.jpg
2025-10-09 14:04:16,411 - INFO - Loaded raw images: 1 found
2025-10-09 14:04:19,038 - INFO - Table updated with 1 entries
2025-10-09 14:04:19,039 - DEBUG - STREAM b'IHDR' 16 13
2025-10-09 14:04:19,039 - DEBUG - STREAM b'IDAT' 41 5389
2025-10-09 14:04:19,039 - DEBUG - Extracted metadata for 1 images
2025-10-09 14:04:19,040 - DEBUG - STREAM b'IHDR' 16 13
2025-10-09 14:04:19,040 - DEBUG - STREAM b'IDAT' 41 5389
2025-10-09 14:04:19,040 - DEBUG - Change thumbnail size (743, 722) -> (200, 194)
2025-10-09 14:04:19,047 - INFO - Displayed image: C:\Users\NotEW\AppData\Local\Temp\temp_9gjwl03q\imageJ\result\gg_point_selection.png
2025-10-09 14:04:19,047 - INFO - Displayed previous count results
2025-10-09 14:04:20,142 - INFO - Table updated with 0 entries
2025-10-09 14:04:20,142 - DEBUG - Extracted metadata for 1 images
2025-10-09 14:04:20,143 - DEBUG - Change thumbnail size (743, 722) -> (200, 194)
2025-10-09 14:04:20,148 - INFO - Displayed image: C:\Users\NotEW\AppData\Local\Temp\temp_9gjwl03q\raw\gg.jpg
2025-10-09 14:04:20,148 - INFO - Loaded raw images: 1 found
2025-10-09 14:04:37,137 - INFO - Table updated with 1 entries
2025-10-09 14:04:37,137 - DEBUG - STREAM b'IHDR' 16 13
2025-10-09 14:04:37,137 - DEBUG - STREAM b'IDAT' 41 5389
2025-10-09 14:04:37,137 - DEBUG - Extracted metadata for 1 images
2025-10-09 14:04:37,137 - DEBUG - STREAM b'IHDR' 16 13
2025-10-09 14:04:37,138 - DEBUG - STREAM b'IDAT' 41 5389
2025-10-09 14:04:37,138 - DEBUG - Change thumbnail size (743, 722) -> (200, 194)
2025-10-09 14:04:37,144 - INFO - Displayed image: C:\Users\NotEW\AppData\Local\Temp\temp_9gjwl03q\imageJ\result\gg_point_selection.png
2025-10-09 14:04:37,144 - INFO - Displayed previous count results
2025-10-09 14:09:38,837 - INFO - Starting application execution
2025-10-09 14:09:38,925 - DEBUG - Importing BlpImagePlugin
2025-10-09 14:09:38,926 - DEBUG - Importing BmpImagePlugin
2025-10-09 14:09:38,926 - DEBUG - Importing BufrStubImagePlugin
2025-10-09 14:09:38,926 - DEBUG - Importing CurImagePlugin
2025-10-09 14:09:38,927 - DEBUG - Importing DcxImagePlugin
2025-10-09 14:09:38,927 - DEBUG - Importing DdsImagePlugin
2025-10-09 14:09:38,930 - DEBUG - Importing EpsImagePlugin
2025-10-09 14:09:38,930 - DEBUG - Importing FitsImagePlugin
2025-10-09 14:09:38,931 - DEBUG - Importing FliImagePlugin
2025-10-09 14:09:38,931 - DEBUG - Importing FpxImagePlugin
2025-10-09 14:09:38,932 - DEBUG - Image: failed to import FpxImagePlugin: No module named 'olefile'
2025-10-09 14:09:38,932 - DEBUG - Importing FtexImagePlugin
2025-10-09 14:09:38,933 - DEBUG - Importing GbrImagePlugin
2025-10-09 14:09:38,933 - DEBUG - Importing GifImagePlugin
2025-10-09 14:09:38,933 - DEBUG - Importing GribStubImagePlugin
2025-10-09 14:09:38,934 - DEBUG - Importing Hdf5StubImagePlugin
2025-10-09 14:09:38,934 - DEBUG - Importing IcnsImagePlugin
2025-10-09 14:09:38,935 - DEBUG - Importing IcoImagePlugin
2025-10-09 14:09:38,936 - DEBUG - Importing ImImagePlugin
2025-10-09 14:09:38,936 - DEBUG - Importing ImtImagePlugin
2025-10-09 14:09:38,937 - DEBUG - Importing IptcImagePlugin
2025-10-09 14:09:38,937 - DEBUG - Importing JpegImagePlugin
2025-10-09 14:09:38,937 - DEBUG - Importing Jpeg2KImagePlugin
2025-10-09 14:09:38,937 - DEBUG - Importing McIdasImagePlugin
2025-10-09 14:09:38,938 - DEBUG - Importing MicImagePlugin
2025-10-09 14:09:38,939 - DEBUG - Image: failed to import MicImagePlugin: No module named 'olefile'
2025-10-09 14:09:38,939 - DEBUG - Importing MpegImagePlugin
2025-10-09 14:09:38,939 - DEBUG - Importing MpoImagePlugin
2025-10-09 14:09:38,942 - DEBUG - Importing MspImagePlugin
2025-10-09 14:09:38,942 - DEBUG - Importing PalmImagePlugin
2025-10-09 14:09:38,943 - DEBUG - Importing PcdImagePlugin
2025-10-09 14:09:38,944 - DEBUG - Importing PcxImagePlugin
2025-10-09 14:09:38,944 - DEBUG - Importing PdfImagePlugin
2025-10-09 14:09:38,947 - DEBUG - Importing PixarImagePlugin
2025-10-09 14:09:38,948 - DEBUG - Importing PngImagePlugin
2025-10-09 14:09:38,948 - DEBUG - Importing PpmImagePlugin
2025-10-09 14:09:38,948 - DEBUG - Importing PsdImagePlugin
2025-10-09 14:09:38,948 - DEBUG - Importing QoiImagePlugin
2025-10-09 14:09:38,949 - DEBUG - Importing SgiImagePlugin
2025-10-09 14:09:38,949 - DEBUG - Importing SpiderImagePlugin
2025-10-09 14:09:38,950 - DEBUG - Importing SunImagePlugin
2025-10-09 14:09:38,950 - DEBUG - Importing TgaImagePlugin
2025-10-09 14:09:38,951 - DEBUG - Importing TiffImagePlugin
2025-10-09 14:09:38,951 - DEBUG - Importing WebPImagePlugin
2025-10-09 14:09:38,952 - DEBUG - Importing WmfImagePlugin
2025-10-09 14:09:38,952 - DEBUG - Importing XbmImagePlugin
2025-10-09 14:09:38,953 - DEBUG - Importing XpmImagePlugin
2025-10-09 14:09:38,954 - DEBUG - Importing XVThumbImagePlugin
2025-10-09 14:09:38,955 - DEBUG - STREAM b'IHDR' 37113 13
2025-10-09 14:09:38,955 - DEBUG - STREAM b'IDAT' 37138 48880
2025-10-09 14:09:38,966 - INFO - Application started, Prelaunch window opened
2025-10-09 14:09:38,966 - INFO - Prelaunch window initialized
2025-10-09 14:09:38,966 - DEBUG - Loaded settings: {'fiji_dir': 'C:/Users/NotEW/Documents/Code/roboai/gui/Fiji', 'preset': {'test tube': {'addlightness': 90, 'prominence': 65}, 'bottle': {'addlightness': 105, 'prominence': 90}, 'test tube in prototype': {'addlightness': 105, 'prominence': 90}, 'custom': {'addlightness': '12', 'prominence': '98'}}, 'env': 'test tube', 'JAVA_HOME': 'C:/Program Files/Java/jdk-21'}
2025-10-09 14:09:39,324 - INFO - ImageJ doctor checkup completed
2025-10-09 14:10:26,820 - INFO - Starting application execution
2025-10-09 14:10:26,909 - DEBUG - Importing BlpImagePlugin
2025-10-09 14:10:26,910 - DEBUG - Importing BmpImagePlugin
2025-10-09 14:10:26,910 - DEBUG - Importing BufrStubImagePlugin
2025-10-09 14:10:26,911 - DEBUG - Importing CurImagePlugin
2025-10-09 14:10:26,911 - DEBUG - Importing DcxImagePlugin
2025-10-09 14:10:26,912 - DEBUG - Importing DdsImagePlugin
2025-10-09 14:10:26,914 - DEBUG - Importing EpsImagePlugin
2025-10-09 14:10:26,915 - DEBUG - Importing FitsImagePlugin
2025-10-09 14:10:26,916 - DEBUG - Importing FliImagePlugin
2025-10-09 14:10:26,916 - DEBUG - Importing FpxImagePlugin
2025-10-09 14:10:26,917 - DEBUG - Image: failed to import FpxImagePlugin: No module named 'olefile'
2025-10-09 14:10:26,917 - DEBUG - Importing FtexImagePlugin
2025-10-09 14:10:26,918 - DEBUG - Importing GbrImagePlugin
2025-10-09 14:10:26,918 - DEBUG - Importing GifImagePlugin
2025-10-09 14:10:26,918 - DEBUG - Importing GribStubImagePlugin
2025-10-09 14:10:26,919 - DEBUG - Importing Hdf5StubImagePlugin
2025-10-09 14:10:26,919 - DEBUG - Importing IcnsImagePlugin
2025-10-09 14:10:26,921 - DEBUG - Importing IcoImagePlugin
2025-10-09 14:10:26,921 - DEBUG - Importing ImImagePlugin
2025-10-09 14:10:26,922 - DEBUG - Importing ImtImagePlugin
2025-10-09 14:10:26,923 - DEBUG - Importing IptcImagePlugin
2025-10-09 14:10:26,923 - DEBUG - Importing JpegImagePlugin
2025-10-09 14:10:26,923 - DEBUG - Importing Jpeg2KImagePlugin
2025-10-09 14:10:26,923 - DEBUG - Importing McIdasImagePlugin
2025-10-09 14:10:26,924 - DEBUG - Importing MicImagePlugin
2025-10-09 14:10:26,925 - DEBUG - Image: failed to import MicImagePlugin: No module named 'olefile'
2025-10-09 14:10:26,925 - DEBUG - Importing MpegImagePlugin
2025-10-09 14:10:26,926 - DEBUG - Importing MpoImagePlugin
2025-10-09 14:10:26,929 - DEBUG - Importing MspImagePlugin
2025-10-09 14:10:26,929 - DEBUG - Importing PalmImagePlugin
2025-10-09 14:10:26,930 - DEBUG - Importing PcdImagePlugin
2025-10-09 14:10:26,930 - DEBUG - Importing PcxImagePlugin
2025-10-09 14:10:26,930 - DEBUG - Importing PdfImagePlugin
2025-10-09 14:10:26,934 - DEBUG - Importing PixarImagePlugin
2025-10-09 14:10:26,934 - DEBUG - Importing PngImagePlugin
2025-10-09 14:10:26,934 - DEBUG - Importing PpmImagePlugin
2025-10-09 14:10:26,934 - DEBUG - Importing PsdImagePlugin
2025-10-09 14:10:26,935 - DEBUG - Importing QoiImagePlugin
2025-10-09 14:10:26,935 - DEBUG - Importing SgiImagePlugin
2025-10-09 14:10:26,936 - DEBUG - Importing SpiderImagePlugin
2025-10-09 14:10:26,937 - DEBUG - Importing SunImagePlugin
2025-10-09 14:10:26,937 - DEBUG - Importing TgaImagePlugin
2025-10-09 14:10:26,938 - DEBUG - Importing TiffImagePlugin
2025-10-09 14:10:26,938 - DEBUG - Importing WebPImagePlugin
2025-10-09 14:10:26,939 - DEBUG - Importing WmfImagePlugin
2025-10-09 14:10:26,939 - DEBUG - Importing XbmImagePlugin
2025-10-09 14:10:26,940 - DEBUG - Importing XpmImagePlugin
2025-10-09 14:10:26,941 - DEBUG - Importing XVThumbImagePlugin
2025-10-09 14:10:26,942 - DEBUG - STREAM b'IHDR' 37113 13
2025-10-09 14:10:26,942 - DEBUG - STREAM b'IDAT' 37138 48880
2025-10-09 14:10:26,953 - INFO - Application started, Prelaunch window opened
2025-10-09 14:10:26,953 - INFO - Prelaunch window initialized
2025-10-09 14:10:26,954 - DEBUG - Loaded settings: {'fiji_dir': 'C:/Users/NotEW/Documents/Code/roboai/gui/Fiji', 'preset': {'test tube': {'addlightness': 90, 'prominence': 65}, 'bottle': {'addlightness': 105, 'prominence': 90}, 'test tube in prototype': {'addlightness': 105, 'prominence': 90}, 'custom': {'addlightness': '12', 'prominence': '98'}}, 'env': 'test tube', 'JAVA_HOME': 'C:/Program Files/Java/jdk-21'}
2025-10-09 14:10:27,302 - INFO - ImageJ doctor checkup completed
2025-10-09 14:10:32,216 - INFO - User confirmed to launch main window
2025-10-09 14:10:32,253 - INFO - Initializing main window
2025-10-09 14:10:32,253 - DEBUG - Loaded settings: {'fiji_dir': 'C:/Users/NotEW/Documents/Code/roboai/gui/Fiji', 'preset': {'test tube': {'addlightness': 90, 'prominence': 65}, 'bottle': {'addlightness': 105, 'prominence': 90}, 'test tube in prototype': {'addlightness': 105, 'prominence': 90}, 'custom': {'addlightness': '12', 'prominence': '98'}}, 'env': 'test tube', 'JAVA_HOME': 'C:/Program Files/Java/jdk-21'}
2025-10-09 14:10:32,333 - DEBUG - Detected existing Java version: (21, 0, 7)
2025-10-09 14:10:32,333 - DEBUG - Adding option: --add-opens=java.base/java.lang=ALL-UNNAMED
2025-10-09 14:10:32,333 - DEBUG - Local path to ImageJ2 installation given: C:\Users\NotEW\Documents\Code\roboai\gui\Fiji
2025-10-09 14:10:32,336 - INFO - Added 573 JARs to the Java classpath.
2025-10-09 14:10:32,336 - DEBUG - Adding jars from endpoints ['net.imglib2:imglib2-imglyb:1.1.0']
2025-10-09 14:10:32,354 - DEBUG - Using endpoints ['net.imglib2:imglib2-imglyb:1.1.0']
2025-10-09 14:10:32,355 - DEBUG - Getting verbose level: 0
2025-10-09 14:10:32,355 - DEBUG - Returning expanded coordinate net.imglib2:imglib2-imglyb:1.1.0.
2025-10-09 14:10:32,355 - DEBUG - Starting JVM
2025-10-09 14:10:33,144 - DEBUG - Initializing type converters
2025-10-09 14:10:33,144 - DEBUG - Java converters:{'
-'.join(java_converters)}
2025-10-09 14:10:33,144 - DEBUG - Python converters:{'
-'.join(py_converters)}
2025-10-09 14:10:36,035 - INFO - ImageJ initialized successfully
2025-10-09 14:10:36,046 - DEBUG - Temporary directories created at C:\Users\NotEW\AppData\Local\Temp\temp_jbsys_yw
2025-10-09 14:10:36,056 - INFO - Tab2 initialized successfully
2025-10-09 14:10:36,058 - INFO - Tab1 initialized successfully
2025-10-09 14:10:36,059 - INFO - Tab3 initialized successfully
2025-10-09 14:10:36,059 - INFO - Tab4 initialized successfully
2025-10-09 14:10:36,059 - INFO - Main window UI initialized
2025-10-09 14:10:36,059 - INFO - Launching main window
2025-10-09 14:10:42,320 - INFO - Opened Tab4 contact window
2025-10-09 14:23:53,234 - INFO - Starting application execution
2025-10-09 14:23:53,336 - DEBUG - Importing BlpImagePlugin
2025-10-09 14:23:53,337 - DEBUG - Importing BmpImagePlugin
2025-10-09 14:23:53,337 - DEBUG - Importing BufrStubImagePlugin
2025-10-09 14:23:53,337 - DEBUG - Importing CurImagePlugin
2025-10-09 14:23:53,338 - DEBUG - Importing DcxImagePlugin
2025-10-09 14:23:53,339 - DEBUG - Importing DdsImagePlugin
2025-10-09 14:23:53,341 - DEBUG - Importing EpsImagePlugin
2025-10-09 14:23:53,342 - DEBUG - Importing FitsImagePlugin
2025-10-09 14:23:53,343 - DEBUG - Importing FliImagePlugin
2025-10-09 14:23:53,344 - DEBUG - Importing FpxImagePlugin
2025-10-09 14:23:53,345 - DEBUG - Image: failed to import FpxImagePlugin: No module named 'olefile'
2025-10-09 14:23:53,345 - DEBUG - Importing FtexImagePlugin
2025-10-09 14:23:53,345 - DEBUG - Importing GbrImagePlugin
2025-10-09 14:23:53,346 - DEBUG - Importing GifImagePlugin
2025-10-09 14:23:53,346 - DEBUG - Importing GribStubImagePlugin
2025-10-09 14:23:53,347 - DEBUG - Importing Hdf5StubImagePlugin
2025-10-09 14:23:53,347 - DEBUG - Importing IcnsImagePlugin
2025-10-09 14:23:53,349 - DEBUG - Importing IcoImagePlugin
2025-10-09 14:23:53,350 - DEBUG - Importing ImImagePlugin
2025-10-09 14:23:53,351 - DEBUG - Importing ImtImagePlugin
2025-10-09 14:23:53,352 - DEBUG - Importing IptcImagePlugin
2025-10-09 14:23:53,352 - DEBUG - Importing JpegImagePlugin
2025-10-09 14:23:53,352 - DEBUG - Importing Jpeg2KImagePlugin
2025-10-09 14:23:53,352 - DEBUG - Importing McIdasImagePlugin
2025-10-09 14:23:53,353 - DEBUG - Importing MicImagePlugin
2025-10-09 14:23:53,354 - DEBUG - Image: failed to import MicImagePlugin: No module named 'olefile'
2025-10-09 14:23:53,354 - DEBUG - Importing MpegImagePlugin
2025-10-09 14:23:53,354 - DEBUG - Importing MpoImagePlugin
2025-10-09 14:23:53,358 - DEBUG - Importing MspImagePlugin
2025-10-09 14:23:53,359 - DEBUG - Importing PalmImagePlugin
2025-10-09 14:23:53,359 - DEBUG - Importing PcdImagePlugin
2025-10-09 14:23:53,360 - DEBUG - Importing PcxImagePlugin
2025-10-09 14:23:53,360 - DEBUG - Importing PdfImagePlugin
2025-10-09 14:23:53,364 - DEBUG - Importing PixarImagePlugin
2025-10-09 14:23:53,364 - DEBUG - Importing PngImagePlugin
2025-10-09 14:23:53,364 - DEBUG - Importing PpmImagePlugin
2025-10-09 14:23:53,364 - DEBUG - Importing PsdImagePlugin
2025-10-09 14:23:53,365 - DEBUG - Importing QoiImagePlugin
2025-10-09 14:23:53,366 - DEBUG - Importing SgiImagePlugin
2025-10-09 14:23:53,366 - DEBUG - Importing SpiderImagePlugin
2025-10-09 14:23:53,367 - DEBUG - Importing SunImagePlugin
2025-10-09 14:23:53,368 - DEBUG - Importing TgaImagePlugin
2025-10-09 14:23:53,368 - DEBUG - Importing TiffImagePlugin
2025-10-09 14:23:53,368 - DEBUG - Importing WebPImagePlugin
2025-10-09 14:23:53,370 - DEBUG - Importing WmfImagePlugin
2025-10-09 14:23:53,371 - DEBUG - Importing XbmImagePlugin
2025-10-09 14:23:53,372 - DEBUG - Importing XpmImagePlugin
2025-10-09 14:23:53,373 - DEBUG - Importing XVThumbImagePlugin
2025-10-09 14:23:53,374 - DEBUG - STREAM b'IHDR' 37113 13
2025-10-09 14:23:53,374 - DEBUG - STREAM b'IDAT' 37138 48880
2025-10-09 14:23:53,386 - INFO - Application started, Prelaunch window opened
2025-10-09 14:23:53,386 - INFO - Prelaunch window initialized
2025-10-09 14:23:53,387 - DEBUG - Loaded settings: {'fiji_dir': 'C:/Users/NotEW/Documents/Code/roboai/gui/Fiji', 'preset': {'test tube': {'addlightness': 90, 'prominence': 65}, 'bottle': {'addlightness': 105, 'prominence': 90}, 'test tube in prototype': {'addlightness': 105, 'prominence': 90}, 'custom': {'addlightness': '12', 'prominence': '98'}}, 'env': 'test tube', 'JAVA_HOME': 'C:/Program Files/Java/jdk-21'}
2025-10-09 14:23:53,755 - INFO - ImageJ doctor checkup completed
2025-10-09 14:23:55,194 - INFO - User confirmed to launch main window
2025-10-09 14:23:55,228 - INFO - Initializing main window
2025-10-09 14:23:55,228 - DEBUG - Loaded settings: {'fiji_dir': 'C:/Users/NotEW/Documents/Code/roboai/gui/Fiji', 'preset': {'test tube': {'addlightness': 90, 'prominence': 65}, 'bottle': {'addlightness': 105, 'prominence': 90}, 'test tube in prototype': {'addlightness': 105, 'prominence': 90}, 'custom': {'addlightness': '12', 'prominence': '98'}}, 'env': 'test tube', 'JAVA_HOME': 'C:/Program Files/Java/jdk-21'}
2025-10-09 14:23:55,305 - DEBUG - Detected existing Java version: (21, 0, 7)
2025-10-09 14:23:55,305 - DEBUG - Adding option: --add-opens=java.base/java.lang=ALL-UNNAMED
2025-10-09 14:23:55,306 - DEBUG - Local path to ImageJ2 installation given: C:\Users\NotEW\Documents\Code\roboai\gui\Fiji
2025-10-09 14:23:55,310 - INFO - Added 573 JARs to the Java classpath.
2025-10-09 14:23:55,310 - DEBUG - Adding jars from endpoints ['net.imglib2:imglib2-imglyb:1.1.0']
2025-10-09 14:23:55,330 - DEBUG - Using endpoints ['net.imglib2:imglib2-imglyb:1.1.0']
2025-10-09 14:23:55,331 - DEBUG - Getting verbose level: 0
2025-10-09 14:23:55,331 - DEBUG - Returning expanded coordinate net.imglib2:imglib2-imglyb:1.1.0.
2025-10-09 14:23:55,331 - DEBUG - Starting JVM
2025-10-09 14:23:56,090 - DEBUG - Initializing type converters
2025-10-09 14:23:56,090 - DEBUG - Java converters:{'
-'.join(java_converters)}
2025-10-09 14:23:56,091 - DEBUG - Python converters:{'
-'.join(py_converters)}
2025-10-09 14:23:59,138 - INFO - ImageJ initialized successfully
2025-10-09 14:23:59,148 - DEBUG - Temporary directories created at C:\Users\NotEW\AppData\Local\Temp\temp_wgxdlwvi
2025-10-09 14:23:59,158 - INFO - Tab2 initialized successfully
2025-10-09 14:23:59,160 - INFO - Tab1 initialized successfully
2025-10-09 14:23:59,160 - INFO - Tab3 initialized successfully
2025-10-09 14:23:59,160 - INFO - Tab4 initialized successfully
2025-10-09 14:23:59,160 - INFO - Main window UI initialized
2025-10-09 14:23:59,160 - INFO - Launching main window
2025-10-09 14:24:03,044 - INFO - Copied image: C:/Users/NotEW/Downloads/gg.jpg to C:\Users\NotEW\AppData\Local\Temp\temp_wgxdlwvi\raw
2025-10-09 14:24:03,045 - DEBUG - Loaded image list: ['C:\\Users\\NotEW\\AppData\\Local\\Temp\\temp_wgxdlwvi\\raw\\gg.jpg']
2025-10-09 14:24:03,052 - DEBUG - Change thumbnail size (743, 722) -> (500, 485)
2025-10-09 14:24:03,066 - INFO - Displayed image: C:\Users\NotEW\AppData\Local\Temp\temp_wgxdlwvi\raw\gg.jpg
2025-10-09 14:24:03,067 - DEBUG - Extracted metadata for 1 images
2025-10-09 14:24:03,067 - DEBUG - Change thumbnail size (743, 722) -> (200, 194)
2025-10-09 14:24:03,075 - INFO - Displayed image: C:\Users\NotEW\AppData\Local\Temp\temp_wgxdlwvi\raw\gg.jpg
2025-10-09 14:24:03,075 - INFO - Displayed uploaded images successfully
2025-10-09 14:24:05,260 - DEBUG - No existing count data found, starting new count
2025-10-09 14:24:05,261 - INFO - Starting counting process using ImageJ
2025-10-09 14:24:06,429 - INFO - Table updated with 1 entries
2025-10-09 14:24:06,429 - INFO - Counting completed successfully — 1 results
2025-10-09 14:24:06,431 - DEBUG - STREAM b'IHDR' 16 13
2025-10-09 14:24:06,431 - DEBUG - STREAM b'IDAT' 41 5389
2025-10-09 14:24:06,431 - DEBUG - Extracted metadata for 1 images
2025-10-09 14:24:06,431 - DEBUG - STREAM b'IHDR' 16 13
2025-10-09 14:24:06,431 - DEBUG - STREAM b'IDAT' 41 5389
2025-10-09 14:24:06,431 - DEBUG - Change thumbnail size (743, 722) -> (200, 194)
2025-10-09 14:24:06,440 - INFO - Displayed image: C:\Users\NotEW\AppData\Local\Temp\temp_wgxdlwvi\imageJ\result\gg_point_selection.png
2025-10-09 14:24:30,344 - DEBUG - Updated save directory: C:/Users/NotEW/Documents/Code/roboai/sav
2025-10-09 14:24:30,344 - DEBUG - Updated image list: ['C:\\Users\\NotEW\\Documents\\Code\\roboai\\sav\\raw\\gg.jpg']
2025-10-09 14:24:30,352 - DEBUG - Change thumbnail size (743, 722) -> (500, 485)
2025-10-09 14:24:30,362 - INFO - Displayed image: C:\Users\NotEW\Documents\Code\roboai\sav\raw\gg.jpg
2025-10-09 14:24:30,362 - DEBUG - Updated save directory: C:/Users/NotEW/Documents/Code/roboai/sav
2025-10-09 14:24:30,363 - DEBUG - STREAM b'IHDR' 16 13
2025-10-09 14:24:30,363 - DEBUG - STREAM b'IDAT' 41 5389
2025-10-09 14:24:30,364 - DEBUG - Extracted metadata for 1 images
2025-10-09 14:24:30,364 - DEBUG - STREAM b'IHDR' 16 13
2025-10-09 14:24:30,364 - DEBUG - STREAM b'IDAT' 41 5389
2025-10-09 14:24:30,364 - DEBUG - Change thumbnail size (743, 722) -> (200, 194)
2025-10-09 14:24:30,371 - INFO - Displayed image: C:\Users\NotEW\Documents\Code\roboai\sav\imageJ\result\gg_point_selection.png
2025-10-09 14:24:30,371 - DEBUG - Updated image list from C:/Users/NotEW/Documents/Code/roboai/sav\raw
2025-10-09 14:24:30,371 - INFO - Project saved to C:/Users/NotEW/Documents/Code/roboai/sav
2025-10-09 14:31:40,794 - INFO - Selected input CSV file: C:/Users/NotEW/Documents/Code/roboai/sav/imageJ/data/Kuvista_Lasketut_pesakeluvut.csv
2025-10-09 14:31:44,527 - INFO - Selected output directory: C:/Users/NotEW/Documents/Code/roboai/sav/imageJ/data
2025-10-09 14:31:46,452 - INFO - Processing input CSV: C:/Users/NotEW/Documents/Code/roboai/sav/imageJ/data/Kuvista_Lasketut_pesakeluvut.csv
2025-10-09 14:31:46,454 - DEBUG - Read CSV with 1 rows
2025-10-09 14:31:48,272 - INFO - csv table saved - csv table saved at C:/Users/NotEW/Documents/Code/roboai/sav/imageJ/data\dataTable.csv
2025-10-09 14:31:48,272 - INFO - CSV table successfully saved at C:/Users/NotEW/Documents/Code/roboai/sav/imageJ/data\dataTable.csv
2025-10-09 14:33:48,986 - INFO - Processing input CSV: C:/Users/NotEW/Documents/Code/roboai/sav/imageJ/data/Kuvista_Lasketut_pesakeluvut.csv
2025-10-09 14:33:48,988 - DEBUG - Read CSV with 64 rows
2025-10-09 14:33:50,364 - INFO - csv table saved - csv table saved at C:/Users/NotEW/Documents/Code/roboai/sav/imageJ/data\dataTable.csv
2025-10-09 14:33:50,364 - INFO - CSV table successfully saved at C:/Users/NotEW/Documents/Code/roboai/sav/imageJ/data\dataTable.csv
2025-10-09 14:40:23,728 - INFO - Starting application execution
2025-10-09 14:40:23,825 - DEBUG - Importing BlpImagePlugin
2025-10-09 14:40:23,827 - DEBUG - Importing BmpImagePlugin
2025-10-09 14:40:23,827 - DEBUG - Importing BufrStubImagePlugin
2025-10-09 14:40:23,827 - DEBUG - Importing CurImagePlugin
2025-10-09 14:40:23,828 - DEBUG - Importing DcxImagePlugin
2025-10-09 14:40:23,829 - DEBUG - Importing DdsImagePlugin
2025-10-09 14:40:23,831 - DEBUG - Importing EpsImagePlugin
2025-10-09 14:40:23,832 - DEBUG - Importing FitsImagePlugin
2025-10-09 14:40:23,833 - DEBUG - Importing FliImagePlugin
2025-10-09 14:40:23,834 - DEBUG - Importing FpxImagePlugin
2025-10-09 14:40:23,835 - DEBUG - Image: failed to import FpxImagePlugin: No module named 'olefile'
2025-10-09 14:40:23,835 - DEBUG - Importing FtexImagePlugin
2025-10-09 14:40:23,835 - DEBUG - Importing GbrImagePlugin
2025-10-09 14:40:23,836 - DEBUG - Importing GifImagePlugin
2025-10-09 14:40:23,836 - DEBUG - Importing GribStubImagePlugin
2025-10-09 14:40:23,836 - DEBUG - Importing Hdf5StubImagePlugin
2025-10-09 14:40:23,837 - DEBUG - Importing IcnsImagePlugin
2025-10-09 14:40:23,839 - DEBUG - Importing IcoImagePlugin
2025-10-09 14:40:23,839 - DEBUG - Importing ImImagePlugin
2025-10-09 14:40:23,840 - DEBUG - Importing ImtImagePlugin
2025-10-09 14:40:23,841 - DEBUG - Importing IptcImagePlugin
2025-10-09 14:40:23,841 - DEBUG - Importing JpegImagePlugin
2025-10-09 14:40:23,841 - DEBUG - Importing Jpeg2KImagePlugin
2025-10-09 14:40:23,841 - DEBUG - Importing McIdasImagePlugin
2025-10-09 14:40:23,842 - DEBUG - Importing MicImagePlugin
2025-10-09 14:40:23,842 - DEBUG - Image: failed to import MicImagePlugin: No module named 'olefile'
2025-10-09 14:40:23,842 - DEBUG - Importing MpegImagePlugin
2025-10-09 14:40:23,843 - DEBUG - Importing MpoImagePlugin
2025-10-09 14:40:23,846 - DEBUG - Importing MspImagePlugin
2025-10-09 14:40:23,847 - DEBUG - Importing PalmImagePlugin
2025-10-09 14:40:23,848 - DEBUG - Importing PcdImagePlugin
2025-10-09 14:40:23,848 - DEBUG - Importing PcxImagePlugin
2025-10-09 14:40:23,848 - DEBUG - Importing PdfImagePlugin
2025-10-09 14:40:23,852 - DEBUG - Importing PixarImagePlugin
2025-10-09 14:40:23,852 - DEBUG - Importing PngImagePlugin
2025-10-09 14:40:23,852 - DEBUG - Importing PpmImagePlugin
2025-10-09 14:40:23,852 - DEBUG - Importing PsdImagePlugin
2025-10-09 14:40:23,853 - DEBUG - Importing QoiImagePlugin
2025-10-09 14:40:23,853 - DEBUG - Importing SgiImagePlugin
2025-10-09 14:40:23,854 - DEBUG - Importing SpiderImagePlugin
2025-10-09 14:40:23,855 - DEBUG - Importing SunImagePlugin
2025-10-09 14:40:23,856 - DEBUG - Importing TgaImagePlugin
2025-10-09 14:40:23,856 - DEBUG - Importing TiffImagePlugin
2025-10-09 14:40:23,856 - DEBUG - Importing WebPImagePlugin
2025-10-09 14:40:23,858 - DEBUG - Importing WmfImagePlugin
2025-10-09 14:40:23,858 - DEBUG - Importing XbmImagePlugin
2025-10-09 14:40:23,859 - DEBUG - Importing XpmImagePlugin
2025-10-09 14:40:23,860 - DEBUG - Importing XVThumbImagePlugin
2025-10-09 14:40:23,860 - DEBUG - STREAM b'IHDR' 37113 13
2025-10-09 14:40:23,861 - DEBUG - STREAM b'IDAT' 37138 48880
2025-10-09 14:40:23,875 - INFO - Application started, Prelaunch window opened
2025-10-09 14:40:23,875 - INFO - Prelaunch window initialized
2025-10-09 14:40:23,875 - DEBUG - Loaded settings: {'fiji_dir': 'C:/Users/NotEW/Documents/Code/roboai/gui/Fiji', 'preset': {'test tube': {'addlightness': 90, 'prominence': 65}, 'bottle': {'addlightness': 105, 'prominence': 90}, 'test tube in prototype': {'addlightness': 105, 'prominence': 90}, 'custom': {'addlightness': '12', 'prominence': '98'}}, 'env': 'test tube', 'JAVA_HOME': 'C:/Program Files/Java/jdk-21'}
2025-10-09 14:40:24,277 - INFO - ImageJ doctor checkup completed
2025-10-09 14:41:06,459 - INFO - Starting application execution
2025-10-09 14:41:06,560 - DEBUG - Importing BlpImagePlugin
2025-10-09 14:41:06,561 - DEBUG - Importing BmpImagePlugin
2025-10-09 14:41:06,561 - DEBUG - Importing BufrStubImagePlugin
2025-10-09 14:41:06,562 - DEBUG - Importing CurImagePlugin
2025-10-09 14:41:06,562 - DEBUG - Importing DcxImagePlugin
2025-10-09 14:41:06,563 - DEBUG - Importing DdsImagePlugin
2025-10-09 14:41:06,565 - DEBUG - Importing EpsImagePlugin
2025-10-09 14:41:06,567 - DEBUG - Importing FitsImagePlugin
2025-10-09 14:41:06,567 - DEBUG - Importing FliImagePlugin
2025-10-09 14:41:06,568 - DEBUG - Importing FpxImagePlugin
2025-10-09 14:41:06,569 - DEBUG - Image: failed to import FpxImagePlugin: No module named 'olefile'
2025-10-09 14:41:06,569 - DEBUG - Importing FtexImagePlugin
2025-10-09 14:41:06,569 - DEBUG - Importing GbrImagePlugin
2025-10-09 14:41:06,570 - DEBUG - Importing GifImagePlugin
2025-10-09 14:41:06,570 - DEBUG - Importing GribStubImagePlugin
2025-10-09 14:41:06,570 - DEBUG - Importing Hdf5StubImagePlugin
2025-10-09 14:41:06,570 - DEBUG - Importing IcnsImagePlugin
2025-10-09 14:41:06,572 - DEBUG - Importing IcoImagePlugin
2025-10-09 14:41:06,572 - DEBUG - Importing ImImagePlugin
2025-10-09 14:41:06,573 - DEBUG - Importing ImtImagePlugin
2025-10-09 14:41:06,574 - DEBUG - Importing IptcImagePlugin
2025-10-09 14:41:06,574 - DEBUG - Importing JpegImagePlugin
2025-10-09 14:41:06,574 - DEBUG - Importing Jpeg2KImagePlugin
2025-10-09 14:41:06,574 - DEBUG - Importing McIdasImagePlugin
2025-10-09 14:41:06,575 - DEBUG - Importing MicImagePlugin
2025-10-09 14:41:06,576 - DEBUG - Image: failed to import MicImagePlugin: No module named 'olefile'
2025-10-09 14:41:06,576 - DEBUG - Importing MpegImagePlugin
2025-10-09 14:41:06,576 - DEBUG - Importing MpoImagePlugin
2025-10-09 14:41:06,579 - DEBUG - Importing MspImagePlugin
2025-10-09 14:41:06,580 - DEBUG - Importing PalmImagePlugin
2025-10-09 14:41:06,581 - DEBUG - Importing PcdImagePlugin
2025-10-09 14:41:06,581 - DEBUG - Importing PcxImagePlugin
2025-10-09 14:41:06,582 - DEBUG - Importing PdfImagePlugin
2025-10-09 14:41:06,586 - DEBUG - Importing PixarImagePlugin
2025-10-09 14:41:06,587 - DEBUG - Importing PngImagePlugin
2025-10-09 14:41:06,587 - DEBUG - Importing PpmImagePlugin
2025-10-09 14:41:06,587 - DEBUG - Importing PsdImagePlugin
2025-10-09 14:41:06,587 - DEBUG - Importing QoiImagePlugin
2025-10-09 14:41:06,588 - DEBUG - Importing SgiImagePlugin
2025-10-09 14:41:06,589 - DEBUG - Importing SpiderImagePlugin
2025-10-09 14:41:06,589 - DEBUG - Importing SunImagePlugin
2025-10-09 14:41:06,590 - DEBUG - Importing TgaImagePlugin
2025-10-09 14:41:06,591 - DEBUG - Importing TiffImagePlugin
2025-10-09 14:41:06,591 - DEBUG - Importing WebPImagePlugin
2025-10-09 14:41:06,592 - DEBUG - Importing WmfImagePlugin
2025-10-09 14:41:06,593 - DEBUG - Importing XbmImagePlugin
2025-10-09 14:41:06,594 - DEBUG - Importing XpmImagePlugin
2025-10-09 14:41:06,595 - DEBUG - Importing XVThumbImagePlugin
2025-10-09 14:41:06,596 - DEBUG - STREAM b'IHDR' 37113 13
2025-10-09 14:41:06,596 - DEBUG - STREAM b'IDAT' 37138 48880
2025-10-09 14:41:06,611 - INFO - Application started, Prelaunch window opened
2025-10-09 14:41:06,612 - INFO - Prelaunch window initialized
2025-10-09 14:41:06,612 - DEBUG - Loaded settings: {'fiji_dir': 'C:/Users/NotEW/Documents/Code/roboai/gui/Fiji', 'preset': {'test tube': {'addlightness': 90, 'prominence': 65}, 'bottle': {'addlightness': 105, 'prominence': 90}, 'test tube in prototype': {'addlightness': 105, 'prominence': 90}, 'custom': {'addlightness': '12', 'prominence': '98'}}, 'env': 'test tube', 'JAVA_HOME': 'C:/Program Files/Java/jdk-21'}
2025-10-09 14:41:06,983 - INFO - ImageJ doctor checkup completed
2025-10-09 14:41:11,531 - INFO - User confirmed to launch main window
2025-10-09 14:41:11,562 - INFO - Initializing main window
2025-10-09 14:41:11,562 - DEBUG - Loaded settings: {'fiji_dir': 'C:/Users/NotEW/Documents/Code/roboai/gui/Fiji', 'preset': {'test tube': {'addlightness': 90, 'prominence': 65}, 'bottle': {'addlightness': 105, 'prominence': 90}, 'test tube in prototype': {'addlightness': 105, 'prominence': 90}, 'custom': {'addlightness': '12', 'prominence': '98'}}, 'env': 'test tube', 'JAVA_HOME': 'C:/Program Files/Java/jdk-21'}
2025-10-09 14:41:11,630 - DEBUG - Detected existing Java version: (21, 0, 7)
2025-10-09 14:41:11,630 - DEBUG - Adding option: --add-opens=java.base/java.lang=ALL-UNNAMED
2025-10-09 14:41:11,630 - DEBUG - Local path to ImageJ2 installation given: C:\Users\NotEW\Documents\Code\roboai\gui\Fiji
2025-10-09 14:41:11,634 - INFO - Added 573 JARs to the Java classpath.
2025-10-09 14:41:11,634 - DEBUG - Adding jars from endpoints ['net.imglib2:imglib2-imglyb:1.1.0']
2025-10-09 14:41:11,651 - DEBUG - Using endpoints ['net.imglib2:imglib2-imglyb:1.1.0']
2025-10-09 14:41:11,651 - DEBUG - Getting verbose level: 0
2025-10-09 14:41:11,651 - DEBUG - Returning expanded coordinate net.imglib2:imglib2-imglyb:1.1.0.
2025-10-09 14:41:11,652 - DEBUG - Starting JVM
2025-10-09 14:41:12,466 - DEBUG - Initializing type converters
2025-10-09 14:41:12,466 - DEBUG - Java converters:{'
-'.join(java_converters)}
2025-10-09 14:41:12,466 - DEBUG - Python converters:{'
-'.join(py_converters)}
2025-10-09 14:41:15,737 - INFO - ImageJ initialized successfully
2025-10-09 14:41:15,751 - DEBUG - Temporary directories created at C:\Users\NotEW\AppData\Local\Temp\temp_w1cy11z7
2025-10-09 14:41:15,762 - INFO - Tab2 initialized successfully
2025-10-09 14:41:15,763 - INFO - Tab1 initialized successfully
2025-10-09 14:41:15,763 - INFO - Tab3 initialized successfully
2025-10-09 14:41:15,764 - INFO - Tab4 initialized successfully
2025-10-09 14:41:15,764 - INFO - Main window UI initialized
2025-10-09 14:41:15,764 - INFO - Launching main window
2025-10-09 14:41:40,073 - INFO - Selected input CSV file: C:/Users/NotEW/Documents/Code/roboai/sav/imageJ/data/Kuvista_Lasketut_pesakeluvut.csv
2025-10-09 14:41:42,886 - INFO - Selected output directory: C:/Users/NotEW/Documents/Code/roboai/sav/imageJ/data
2025-10-09 14:41:44,015 - INFO - Processing input CSV: C:/Users/NotEW/Documents/Code/roboai/sav/imageJ/data/Kuvista_Lasketut_pesakeluvut.csv
2025-10-09 14:41:44,017 - DEBUG - Read CSV with 64 rows
2025-10-09 14:41:45,497 - INFO - csv table saved - csv table saved at C:/Users/NotEW/Documents/Code/roboai/sav/imageJ/data\dataTable.csv
2025-10-09 14:41:45,497 - INFO - CSV table successfully saved at C:/Users/NotEW/Documents/Code/roboai/sav/imageJ/data\dataTable.csv
2025-10-09 14:52:01,674 - INFO - Starting application execution
2025-10-09 14:52:01,765 - DEBUG - Importing BlpImagePlugin
2025-10-09 14:52:01,767 - DEBUG - Importing BmpImagePlugin
2025-10-09 14:52:01,767 - DEBUG - Importing BufrStubImagePlugin
2025-10-09 14:52:01,768 - DEBUG - Importing CurImagePlugin
2025-10-09 14:52:01,768 - DEBUG - Importing DcxImagePlugin
2025-10-09 14:52:01,769 - DEBUG - Importing DdsImagePlugin
2025-10-09 14:52:01,772 - DEBUG - Importing EpsImagePlugin
2025-10-09 14:52:01,772 - DEBUG - Importing FitsImagePlugin
2025-10-09 14:52:01,773 - DEBUG - Importing FliImagePlugin
2025-10-09 14:52:01,773 - DEBUG - Importing FpxImagePlugin
2025-10-09 14:52:01,774 - DEBUG - Image: failed to import FpxImagePlugin: No module named 'olefile'
2025-10-09 14:52:01,774 - DEBUG - Importing FtexImagePlugin
2025-10-09 14:52:01,775 - DEBUG - Importing GbrImagePlugin
2025-10-09 14:52:01,775 - DEBUG - Importing GifImagePlugin
2025-10-09 14:52:01,775 - DEBUG - Importing GribStubImagePlugin
2025-10-09 14:52:01,776 - DEBUG - Importing Hdf5StubImagePlugin
2025-10-09 14:52:01,776 - DEBUG - Importing IcnsImagePlugin
2025-10-09 14:52:01,778 - DEBUG - Importing IcoImagePlugin
2025-10-09 14:52:01,779 - DEBUG - Importing ImImagePlugin
2025-10-09 14:52:01,779 - DEBUG - Importing ImtImagePlugin
2025-10-09 14:52:01,780 - DEBUG - Importing IptcImagePlugin
2025-10-09 14:52:01,780 - DEBUG - Importing JpegImagePlugin
2025-10-09 14:52:01,780 - DEBUG - Importing Jpeg2KImagePlugin
2025-10-09 14:52:01,780 - DEBUG - Importing McIdasImagePlugin
2025-10-09 14:52:01,781 - DEBUG - Importing MicImagePlugin
2025-10-09 14:52:01,782 - DEBUG - Image: failed to import MicImagePlugin: No module named 'olefile'
2025-10-09 14:52:01,782 - DEBUG - Importing MpegImagePlugin
2025-10-09 14:52:01,782 - DEBUG - Importing MpoImagePlugin
2025-10-09 14:52:01,786 - DEBUG - Importing MspImagePlugin
2025-10-09 14:52:01,786 - DEBUG - Importing PalmImagePlugin
2025-10-09 14:52:01,787 - DEBUG - Importing PcdImagePlugin
2025-10-09 14:52:01,787 - DEBUG - Importing PcxImagePlugin
2025-10-09 14:52:01,788 - DEBUG - Importing PdfImagePlugin
2025-10-09 14:52:01,791 - DEBUG - Importing PixarImagePlugin
2025-10-09 14:52:01,792 - DEBUG - Importing PngImagePlugin
2025-10-09 14:52:01,792 - DEBUG - Importing PpmImagePlugin
2025-10-09 14:52:01,792 - DEBUG - Importing PsdImagePlugin
2025-10-09 14:52:01,792 - DEBUG - Importing QoiImagePlugin
2025-10-09 14:52:01,793 - DEBUG - Importing SgiImagePlugin
2025-10-09 14:52:01,793 - DEBUG - Importing SpiderImagePlugin
2025-10-09 14:52:01,794 - DEBUG - Importing SunImagePlugin
2025-10-09 14:52:01,795 - DEBUG - Importing TgaImagePlugin
2025-10-09 14:52:01,795 - DEBUG - Importing TiffImagePlugin
2025-10-09 14:52:01,795 - DEBUG - Importing WebPImagePlugin
2025-10-09 14:52:01,796 - DEBUG - Importing WmfImagePlugin
2025-10-09 14:52:01,797 - DEBUG - Importing XbmImagePlugin
2025-10-09 14:52:01,798 - DEBUG - Importing XpmImagePlugin
2025-10-09 14:52:01,798 - DEBUG - Importing XVThumbImagePlugin
2025-10-09 14:52:01,800 - DEBUG - STREAM b'IHDR' 37113 13
2025-10-09 14:52:01,800 - DEBUG - STREAM b'IDAT' 37138 48880
2025-10-09 14:52:01,812 - INFO - Application started, Prelaunch window opened
2025-10-09 14:52:01,812 - INFO - Prelaunch window initialized
2025-10-09 14:52:01,813 - DEBUG - Loaded settings: {'fiji_dir': 'C:/Users/NotEW/Documents/Code/roboai/gui/Fiji', 'preset': {'test tube': {'addlightness': 90, 'prominence': 65}, 'bottle': {'addlightness': 105, 'prominence': 90}, 'test tube in prototype': {'addlightness': 105, 'prominence': 90}, 'custom': {'addlightness': '12', 'prominence': '98'}}, 'env': 'test tube', 'JAVA_HOME': 'C:/Program Files/Java/jdk-21'}
2025-10-09 14:52:02,185 - INFO - ImageJ doctor checkup completed
2025-10-09 14:52:08,724 - INFO - User confirmed to launch main window
2025-10-09 14:52:08,762 - INFO - Initializing main window
2025-10-09 14:52:08,762 - DEBUG - Loaded settings: {'fiji_dir': 'C:/Users/NotEW/Documents/Code/roboai/gui/Fiji', 'preset': {'test tube': {'addlightness': 90, 'prominence': 65}, 'bottle': {'addlightness': 105, 'prominence': 90}, 'test tube in prototype': {'addlightness': 105, 'prominence': 90}, 'custom': {'addlightness': '12', 'prominence': '98'}}, 'env': 'test tube', 'JAVA_HOME': 'C:/Program Files/Java/jdk-21'}
2025-10-09 14:52:08,853 - DEBUG - Detected existing Java version: (21, 0, 7)
2025-10-09 14:52:08,853 - DEBUG - Adding option: --add-opens=java.base/java.lang=ALL-UNNAMED
2025-10-09 14:52:08,853 - DEBUG - Local path to ImageJ2 installation given: C:\Users\NotEW\Documents\Code\roboai\gui\Fiji
2025-10-09 14:52:08,857 - INFO - Added 573 JARs to the Java classpath.
2025-10-09 14:52:08,857 - DEBUG - Adding jars from endpoints ['net.imglib2:imglib2-imglyb:1.1.0']
2025-10-09 14:52:08,878 - DEBUG - Using endpoints ['net.imglib2:imglib2-imglyb:1.1.0']
2025-10-09 14:52:08,878 - DEBUG - Getting verbose level: 0
2025-10-09 14:52:08,878 - DEBUG - Returning expanded coordinate net.imglib2:imglib2-imglyb:1.1.0.
2025-10-09 14:52:08,879 - DEBUG - Starting JVM
2025-10-09 14:52:09,691 - DEBUG - Initializing type converters
2025-10-09 14:52:09,692 - DEBUG - Java converters:{'
-'.join(java_converters)}
2025-10-09 14:52:09,692 - DEBUG - Python converters:{'
-'.join(py_converters)}
2025-10-09 14:52:12,675 - INFO - ImageJ initialized successfully
2025-10-09 14:52:12,689 - DEBUG - Temporary directories created at C:\Users\NotEW\AppData\Local\Temp\temp_h1uy092p
2025-10-09 14:52:12,699 - INFO - Tab2 initialized successfully
2025-10-09 14:52:12,701 - INFO - Tab1 initialized successfully
2025-10-09 14:52:12,701 - INFO - Tab3 initialized successfully
2025-10-09 14:52:12,702 - INFO - Tab4 initialized successfully
2025-10-09 14:52:12,702 - INFO - Main window UI initialized
2025-10-09 14:52:12,702 - INFO - Launching main window
2025-10-09 14:52:30,541 - INFO - Copied image: C:/Users/NotEW/Downloads/logo.png to C:\Users\NotEW\AppData\Local\Temp\temp_h1uy092p\raw
2025-10-09 14:52:30,542 - DEBUG - Loaded image list: ['C:\\Users\\NotEW\\AppData\\Local\\Temp\\temp_h1uy092p\\raw\\logo.png']
2025-10-09 14:52:30,549 - DEBUG - STREAM b'IHDR' 16 13
2025-10-09 14:52:30,549 - DEBUG - STREAM b'sRGB' 41 1
2025-10-09 14:52:30,549 - DEBUG - STREAM b'pHYs' 54 9
2025-10-09 14:52:30,549 - DEBUG - STREAM b'IDAT' 75 1319443
2025-10-09 14:52:30,549 - DEBUG - Change thumbnail size (3300, 3300) -> (500, 500)
2025-10-09 14:52:30,755 - INFO - Displayed image: C:\Users\NotEW\AppData\Local\Temp\temp_h1uy092p\raw\logo.png
2025-10-09 14:52:30,756 - DEBUG - STREAM b'IHDR' 16 13
2025-10-09 14:52:30,756 - DEBUG - STREAM b'sRGB' 41 1
2025-10-09 14:52:30,756 - DEBUG - STREAM b'pHYs' 54 9
2025-10-09 14:52:30,756 - DEBUG - STREAM b'IDAT' 75 1319443
2025-10-09 14:52:30,756 - DEBUG - Extracted metadata for 1 images
2025-10-09 14:52:30,756 - DEBUG - STREAM b'IHDR' 16 13
2025-10-09 14:52:30,756 - DEBUG - STREAM b'sRGB' 41 1
2025-10-09 14:52:30,756 - DEBUG - STREAM b'pHYs' 54 9
2025-10-09 14:52:30,756 - DEBUG - STREAM b'IDAT' 75 1319443
2025-10-09 14:52:30,756 - DEBUG - Change thumbnail size (3300, 3300) -> (200, 200)
2025-10-09 14:52:30,937 - INFO - Displayed image: C:\Users\NotEW\AppData\Local\Temp\temp_h1uy092p\raw\logo.png
2025-10-09 14:52:30,938 - INFO - Displayed uploaded images successfully
2025-10-09 14:52:39,301 - INFO - Copied image: C:/Users/NotEW/Downloads/bac.png to C:\Users\NotEW\AppData\Local\Temp\temp_h1uy092p\raw
2025-10-09 14:52:39,302 - DEBUG - Loaded image list: ['C:\\Users\\NotEW\\AppData\\Local\\Temp\\temp_h1uy092p\\raw\\bac.png', 'C:\\Users\\NotEW\\AppData\\Local\\Temp\\temp_h1uy092p\\raw\\logo.png']
2025-10-09 14:52:39,310 - DEBUG - Change thumbnail size (480, 320) -> (500, 333)
2025-10-09 14:52:39,315 - INFO - Displayed image: C:\Users\NotEW\AppData\Local\Temp\temp_h1uy092p\raw\bac.png
2025-10-09 14:52:39,316 - DEBUG - STREAM b'IHDR' 16 13
2025-10-09 14:52:39,316 - DEBUG - STREAM b'sRGB' 41 1
2025-10-09 14:52:39,316 - DEBUG - STREAM b'pHYs' 54 9
2025-10-09 14:52:39,316 - DEBUG - STREAM b'IDAT' 75 1319443
2025-10-09 14:52:39,316 - DEBUG - Extracted metadata for 2 images
2025-10-09 14:52:39,317 - DEBUG - Change thumbnail size (480, 320) -> (200, 133)
2025-10-09 14:52:39,319 - INFO - Displayed image: C:\Users\NotEW\AppData\Local\Temp\temp_h1uy092p\raw\bac.png
2025-10-09 14:52:39,319 - INFO - Displayed uploaded images successfully
2025-10-09 14:52:41,210 - INFO - Canvas clicked — opening image viewer
2025-10-09 14:52:41,247 - INFO - Opened new window for image: C:\Users\NotEW\AppData\Local\Temp\temp_h1uy092p\raw\bac.png
2025-10-09 14:52:41,699 - INFO - Canvas clicked — opening image viewer
2025-10-09 14:52:41,738 - INFO - Opened new window for image: C:\Users\NotEW\AppData\Local\Temp\temp_h1uy092p\raw\bac.png
2025-10-09 14:52:44,362 - DEBUG - Switched to next image index: 1
2025-10-09 14:52:44,362 - DEBUG - STREAM b'IHDR' 16 13
2025-10-09 14:52:44,362 - DEBUG - STREAM b'sRGB' 41 1
2025-10-09 14:52:44,362 - DEBUG - STREAM b'pHYs' 54 9
2025-10-09 14:52:44,362 - DEBUG - STREAM b'IDAT' 75 1319443
2025-10-09 14:52:44,362 - DEBUG - Change thumbnail size (3300, 3300) -> (500, 500)
2025-10-09 14:52:44,560 - INFO - Displayed image: C:\Users\NotEW\AppData\Local\Temp\temp_h1uy092p\raw\logo.png
2025-10-09 14:52:45,001 - DEBUG - Switched to previous image index: 0
2025-10-09 14:52:45,002 - DEBUG - Change thumbnail size (480, 320) -> (500, 333)
2025-10-09 14:52:45,005 - INFO - Displayed image: C:\Users\NotEW\AppData\Local\Temp\temp_h1uy092p\raw\bac.png
2025-10-09 14:52:45,390 - DEBUG - Switched to next image index: 1
2025-10-09 14:52:45,391 - DEBUG - STREAM b'IHDR' 16 13
2025-10-09 14:52:45,391 - DEBUG - STREAM b'sRGB' 41 1
2025-10-09 14:52:45,391 - DEBUG - STREAM b'pHYs' 54 9
2025-10-09 14:52:45,391 - DEBUG - STREAM b'IDAT' 75 1319443
2025-10-09 14:52:45,391 - DEBUG - Change thumbnail size (3300, 3300) -> (500, 500)
2025-10-09 14:52:45,585 - INFO - Displayed image: C:\Users\NotEW\AppData\Local\Temp\temp_h1uy092p\raw\logo.png
2025-10-09 14:52:45,586 - DEBUG - Switched to previous image index: 0
2025-10-09 14:52:45,587 - DEBUG - Change thumbnail size (480, 320) -> (500, 333)
2025-10-09 14:52:45,591 - INFO - Displayed image: C:\Users\NotEW\AppData\Local\Temp\temp_h1uy092p\raw\bac.png
2025-10-09 14:52:46,151 - DEBUG - Switched to next image index: 1
2025-10-09 14:52:46,152 - DEBUG - STREAM b'IHDR' 16 13
2025-10-09 14:52:46,152 - DEBUG - STREAM b'sRGB' 41 1
2025-10-09 14:52:46,152 - DEBUG - STREAM b'pHYs' 54 9
2025-10-09 14:52:46,152 - DEBUG - STREAM b'IDAT' 75 1319443
2025-10-09 14:52:46,152 - DEBUG - Change thumbnail size (3300, 3300) -> (500, 500)
2025-10-09 14:52:46,348 - INFO - Displayed image: C:\Users\NotEW\AppData\Local\Temp\temp_h1uy092p\raw\logo.png
2025-10-09 14:52:46,809 - DEBUG - Switched to previous image index: 0
2025-10-09 14:52:46,810 - DEBUG - Change thumbnail size (480, 320) -> (500, 333)
2025-10-09 14:52:46,813 - INFO - Displayed image: C:\Users\NotEW\AppData\Local\Temp\temp_h1uy092p\raw\bac.png
2025-10-09 14:52:47,211 - DEBUG - Switched to next image index: 1
2025-10-09 14:52:47,211 - DEBUG - STREAM b'IHDR' 16 13
2025-10-09 14:52:47,211 - DEBUG - STREAM b'sRGB' 41 1
2025-10-09 14:52:47,211 - DEBUG - STREAM b'pHYs' 54 9
2025-10-09 14:52:47,211 - DEBUG - STREAM b'IDAT' 75 1319443
2025-10-09 14:52:47,212 - DEBUG - Change thumbnail size (3300, 3300) -> (500, 500)
2025-10-09 14:52:47,405 - INFO - Displayed image: C:\Users\NotEW\AppData\Local\Temp\temp_h1uy092p\raw\logo.png
2025-10-09 14:52:47,714 - DEBUG - Switched to previous image index: 0
2025-10-09 14:52:47,714 - DEBUG - Change thumbnail size (480, 320) -> (500, 333)
2025-10-09 14:52:47,718 - INFO - Displayed image: C:\Users\NotEW\AppData\Local\Temp\temp_h1uy092p\raw\bac.png
2025-10-09 14:52:49,472 - DEBUG - Switched to next image index: 1
2025-10-09 14:52:49,472 - DEBUG - STREAM b'IHDR' 16 13
2025-10-09 14:52:49,472 - DEBUG - STREAM b'sRGB' 41 1
2025-10-09 14:52:49,472 - DEBUG - STREAM b'pHYs' 54 9
2025-10-09 14:52:49,472 - DEBUG - STREAM b'IDAT' 75 1319443
2025-10-09 14:52:49,472 - DEBUG - Change thumbnail size (3300, 3300) -> (500, 500)
2025-10-09 14:52:49,666 - INFO - Displayed image: C:\Users\NotEW\AppData\Local\Temp\temp_h1uy092p\raw\logo.png
2025-10-09 14:52:51,199 - DEBUG - Switched to previous image index: 0
2025-10-09 14:52:51,200 - DEBUG - Change thumbnail size (480, 320) -> (500, 333)
2025-10-09 14:52:51,203 - INFO - Displayed image: C:\Users\NotEW\AppData\Local\Temp\temp_h1uy092p\raw\bac.png
2025-10-09 14:52:51,590 - DEBUG - Switched to next image index: 1
2025-10-09 14:52:51,591 - DEBUG - STREAM b'IHDR' 16 13
2025-10-09 14:52:51,591 - DEBUG - STREAM b'sRGB' 41 1
2025-10-09 14:52:51,591 - DEBUG - STREAM b'pHYs' 54 9
2025-10-09 14:52:51,591 - DEBUG - STREAM b'IDAT' 75 1319443
2025-10-09 14:52:51,591 - DEBUG - Change thumbnail size (3300, 3300) -> (500, 500)
2025-10-09 14:52:51,782 - INFO - Displayed image: C:\Users\NotEW\AppData\Local\Temp\temp_h1uy092p\raw\logo.png
2025-10-09 14:52:52,412 - DEBUG - Switched to previous image index: 0
2025-10-09 14:52:52,412 - DEBUG - Change thumbnail size (480, 320) -> (500, 333)
2025-10-09 14:52:52,417 - INFO - Displayed image: C:\Users\NotEW\AppData\Local\Temp\temp_h1uy092p\raw\bac.png
2025-10-09 14:52:54,180 - DEBUG - Switched to next image index: 1
2025-10-09 14:52:54,181 - DEBUG - STREAM b'IHDR' 16 13
2025-10-09 14:52:54,181 - DEBUG - STREAM b'sRGB' 41 1
2025-10-09 14:52:54,181 - DEBUG - STREAM b'pHYs' 54 9
2025-10-09 14:52:54,181 - DEBUG - STREAM b'IDAT' 75 1319443
2025-10-09 14:52:54,181 - DEBUG - Change thumbnail size (3300, 3300) -> (500, 500)
2025-10-09 14:52:54,372 - INFO - Displayed image: C:\Users\NotEW\AppData\Local\Temp\temp_h1uy092p\raw\logo.png
2025-10-09 14:52:54,521 - DEBUG - Switched to previous image index: 0
2025-10-09 14:52:54,522 - DEBUG - Change thumbnail size (480, 320) -> (500, 333)
2025-10-09 14:52:54,526 - INFO - Displayed image: C:\Users\NotEW\AppData\Local\Temp\temp_h1uy092p\raw\bac.png
2025-10-09 14:52:54,766 - DEBUG - Switched to next image index: 1
2025-10-09 14:52:54,767 - DEBUG - STREAM b'IHDR' 16 13
2025-10-09 14:52:54,767 - DEBUG - STREAM b'sRGB' 41 1
2025-10-09 14:52:54,767 - DEBUG - STREAM b'pHYs' 54 9
2025-10-09 14:52:54,767 - DEBUG - STREAM b'IDAT' 75 1319443
2025-10-09 14:52:54,767 - DEBUG - Change thumbnail size (3300, 3300) -> (500, 500)
2025-10-09 14:52:54,956 - INFO - Displayed image: C:\Users\NotEW\AppData\Local\Temp\temp_h1uy092p\raw\logo.png
2025-10-09 14:52:54,957 - DEBUG - Switched to previous image index: 0
2025-10-09 14:52:54,957 - DEBUG - Change thumbnail size (480, 320) -> (500, 333)
2025-10-09 14:52:54,961 - INFO - Displayed image: C:\Users\NotEW\AppData\Local\Temp\temp_h1uy092p\raw\bac.png
2025-10-09 14:52:54,972 - DEBUG - Switched to next image index: 1
2025-10-09 14:52:54,972 - DEBUG - STREAM b'IHDR' 16 13
2025-10-09 14:52:54,973 - DEBUG - STREAM b'sRGB' 41 1
2025-10-09 14:52:54,973 - DEBUG - STREAM b'pHYs' 54 9
2025-10-09 14:52:54,973 - DEBUG - STREAM b'IDAT' 75 1319443
2025-10-09 14:52:54,973 - DEBUG - Change thumbnail size (3300, 3300) -> (500, 500)
2025-10-09 14:52:55,162 - INFO - Displayed image: C:\Users\NotEW\AppData\Local\Temp\temp_h1uy092p\raw\logo.png
2025-10-09 14:52:55,162 - DEBUG - Switched to previous image index: 0
2025-10-09 14:52:55,163 - DEBUG - Change thumbnail size (480, 320) -> (500, 333)
2025-10-09 14:52:55,166 - INFO - Displayed image: C:\Users\NotEW\AppData\Local\Temp\temp_h1uy092p\raw\bac.png
2025-10-09 14:52:56,372 - DEBUG - Switched to next image index: 1
2025-10-09 14:52:56,372 - DEBUG - STREAM b'IHDR' 16 13
2025-10-09 14:52:56,373 - DEBUG - STREAM b'sRGB' 41 1
2025-10-09 14:52:56,373 - DEBUG - STREAM b'pHYs' 54 9
2025-10-09 14:52:56,373 - DEBUG - STREAM b'IDAT' 75 1319443
2025-10-09 14:52:56,373 - DEBUG - Extracted metadata for 2 images
2025-10-09 14:52:56,373 - DEBUG - STREAM b'IHDR' 16 13
2025-10-09 14:52:56,373 - DEBUG - STREAM b'sRGB' 41 1
2025-10-09 14:52:56,373 - DEBUG - STREAM b'pHYs' 54 9
2025-10-09 14:52:56,373 - DEBUG - STREAM b'IDAT' 75 1319443
2025-10-09 14:52:56,373 - DEBUG - Change thumbnail size (3300, 3300) -> (200, 200)
2025-10-09 14:52:56,544 - INFO - Displayed image: C:\Users\NotEW\AppData\Local\Temp\temp_h1uy092p\raw\logo.png
2025-10-09 14:52:57,165 - DEBUG - Switched to previous image index: 0
2025-10-09 14:52:57,166 - DEBUG - STREAM b'IHDR' 16 13
2025-10-09 14:52:57,166 - DEBUG - STREAM b'sRGB' 41 1
2025-10-09 14:52:57,166 - DEBUG - STREAM b'pHYs' 54 9
2025-10-09 14:52:57,166 - DEBUG - STREAM b'IDAT' 75 1319443
2025-10-09 14:52:57,166 - DEBUG - Extracted metadata for 2 images
2025-10-09 14:52:57,167 - DEBUG - Change thumbnail size (480, 320) -> (200, 133)
2025-10-09 14:52:57,169 - INFO - Displayed image: C:\Users\NotEW\AppData\Local\Temp\temp_h1uy092p\raw\bac.png
2025-10-09 14:52:57,810 - DEBUG - Switched to next image index: 1
2025-10-09 14:52:57,810 - DEBUG - STREAM b'IHDR' 16 13
2025-10-09 14:52:57,810 - DEBUG - STREAM b'sRGB' 41 1
2025-10-09 14:52:57,811 - DEBUG - STREAM b'pHYs' 54 9
2025-10-09 14:52:57,811 - DEBUG - STREAM b'IDAT' 75 1319443
2025-10-09 14:52:57,811 - DEBUG - Change thumbnail size (3300, 3300) -> (500, 500)
2025-10-09 14:52:58,000 - INFO - Displayed image: C:\Users\NotEW\AppData\Local\Temp\temp_h1uy092p\raw\logo.png
2025-10-09 14:52:59,536 - DEBUG - Switched to previous image index: 0
2025-10-09 14:52:59,537 - DEBUG - Change thumbnail size (480, 320) -> (500, 333)
2025-10-09 14:52:59,541 - INFO - Displayed image: C:\Users\NotEW\AppData\Local\Temp\temp_h1uy092p\raw\bac.png
2025-10-09 14:52:59,734 - DEBUG - Switched to next image index: 1
2025-10-09 14:52:59,734 - DEBUG - STREAM b'IHDR' 16 13
2025-10-09 14:52:59,734 - DEBUG - STREAM b'sRGB' 41 1
2025-10-09 14:52:59,734 - DEBUG - STREAM b'pHYs' 54 9
2025-10-09 14:52:59,734 - DEBUG - STREAM b'IDAT' 75 1319443
2025-10-09 14:52:59,734 - DEBUG - Change thumbnail size (3300, 3300) -> (500, 500)
2025-10-09 14:52:59,923 - INFO - Displayed image: C:\Users\NotEW\AppData\Local\Temp\temp_h1uy092p\raw\logo.png
2025-10-09 14:52:59,924 - DEBUG - Switched to previous image index: 0
2025-10-09 14:52:59,924 - DEBUG - Change thumbnail size (480, 320) -> (500, 333)
2025-10-09 14:52:59,928 - INFO - Displayed image: C:\Users\NotEW\AppData\Local\Temp\temp_h1uy092p\raw\bac.png
2025-10-09 14:53:00,009 - DEBUG - Switched to next image index: 1
2025-10-09 14:53:00,010 - DEBUG - STREAM b'IHDR' 16 13
2025-10-09 14:53:00,010 - DEBUG - STREAM b'sRGB' 41 1
2025-10-09 14:53:00,010 - DEBUG - STREAM b'pHYs' 54 9
2025-10-09 14:53:00,010 - DEBUG - STREAM b'IDAT' 75 1319443
2025-10-09 14:53:00,010 - DEBUG - Change thumbnail size (3300, 3300) -> (500, 500)
2025-10-09 14:53:00,203 - INFO - Displayed image: C:\Users\NotEW\AppData\Local\Temp\temp_h1uy092p\raw\logo.png
2025-10-09 14:53:00,203 - DEBUG - Switched to previous image index: 0
2025-10-09 14:53:00,204 - DEBUG - Change thumbnail size (480, 320) -> (500, 333)
2025-10-09 14:53:00,207 - INFO - Displayed image: C:\Users\NotEW\AppData\Local\Temp\temp_h1uy092p\raw\bac.png
2025-10-09 14:53:00,208 - DEBUG - Switched to next image index: 1
2025-10-09 14:53:00,208 - DEBUG - STREAM b'IHDR' 16 13
2025-10-09 14:53:00,208 - DEBUG - STREAM b'sRGB' 41 1
2025-10-09 14:53:00,208 - DEBUG - STREAM b'pHYs' 54 9
2025-10-09 14:53:00,208 - DEBUG - STREAM b'IDAT' 75 1319443
2025-10-09 14:53:00,208 - DEBUG - Change thumbnail size (3300, 3300) -> (500, 500)
2025-10-09 14:53:00,399 - INFO - Displayed image: C:\Users\NotEW\AppData\Local\Temp\temp_h1uy092p\raw\logo.png
2025-10-09 14:53:00,399 - DEBUG - Switched to previous image index: 0
2025-10-09 14:53:00,400 - DEBUG - Change thumbnail size (480, 320) -> (500, 333)
2025-10-09 14:53:00,404 - INFO - Displayed image: C:\Users\NotEW\AppData\Local\Temp\temp_h1uy092p\raw\bac.png
2025-10-09 14:53:00,404 - DEBUG - Switched to next image index: 1
2025-10-09 14:53:00,404 - DEBUG - STREAM b'IHDR' 16 13
2025-10-09 14:53:00,405 - DEBUG - STREAM b'sRGB' 41 1
2025-10-09 14:53:00,405 - DEBUG - STREAM b'pHYs' 54 9
2025-10-09 14:53:00,405 - DEBUG - STREAM b'IDAT' 75 1319443
2025-10-09 14:53:00,405 - DEBUG - Change thumbnail size (3300, 3300) -> (500, 500)
2025-10-09 14:53:00,596 - INFO - Displayed image: C:\Users\NotEW\AppData\Local\Temp\temp_h1uy092p\raw\logo.png
